{"meta": {"format": 3, "version": "7.10.7", "timestamp": "2026-05-05T21:28:22.444547", "branch_coverage": false, "show_contexts": false}, "files": {"core/adapters/phase_hooks_adapter.py": {"executed_lines": [2, 37, 39, 40, 41, 44, 45, 52, 53, 54, 55, 61, 63, 66, 72, 79, 81, 83, 85, 87, 93, 95, 97, 105, 106, 107, 108, 109, 110, 112, 114, 116, 124, 125, 126, 127, 128, 129, 130, 132, 139, 145, 152, 154, 156, 162, 178, 179, 180, 186, 188, 199, 201, 211, 213, 214, 215, 216, 217, 218, 219, 220, 222, 224, 226, 228], "summary": {"covered_lines": 64, "num_statements": 72, "percent_covered": 88.88888888888889, "percent_covered_display": "89", "missing_lines": 8, "excluded_lines": 0}, "missing_lines": [64, 65, 189, 190, 191, 192, 193, 194], "excluded_lines": [], "functions": {"PhaseHooksAdapter.__init__": {"executed_lines": [53, 54, 55], "summary": {"covered_lines": 3, "num_statements": 3, "percent_covered": 100.0, "percent_covered_display": "100", "missing_lines": 0, "excluded_lines": 0}, "missing_lines": [], "excluded_lines": []}, "PhaseHooksAdapter._get_hooks": {"executed_lines": [63, 66], "summary": {"covered_lines": 2, "num_statements": 4, "percent_covered": 50.0, "percent_covered_display": "50", "missing_lines": 2, "excluded_lines": 0}, "missing_lines": [64, 65], "excluded_lines": []}, "PhaseHooksAdapter.preflight": {"executed_lines": [79], "summary": {"covered_lines": 1, "num_statements": 1, "percent_covered": 100.0, "percent_covered_display": "100", "missing_lines": 0, "excluded_lines": 0}, "missing_lines": [], "excluded_lines": []}, "PhaseHooksAdapter.preflight_fsm": {"executed_lines": [83], "summary": {"covered_lines": 1, "num_statements": 1, "percent_covered": 100.0, "percent_covered_display": "100", "missing_lines": 0, "excluded_lines": 0}, "missing_lines": [], "excluded_lines": []}, "PhaseHooksAdapter.preflight_constitution": {"executed_lines": [87], "summary": {"covered_lines": 1, "num_statements": 1, "percent_covered": 100.0, "percent_covered_display": "100", "missing_lines": 0, "excluded_lines": 0}, "missing_lines": [], "excluded_lines": []}, "PhaseHooksAdapter.before_dev": {"executed_lines": [95], "summary": {"covered_lines": 1, "num_statements": 1, "percent_covered": 100.0, "percent_covered_display": "100", "missing_lines": 0, "excluded_lines": 0}, "missing_lines": [], "excluded_lines": []}, "PhaseHooksAdapter.after_dev": {"executed_lines": [105, 106, 110], "summary": {"covered_lines": 3, "num_statements": 3, "percent_covered": 100.0, "percent_covered_display": "100", "missing_lines": 0, "excluded_lines": 0}, "missing_lines": [], "excluded_lines": []}, "PhaseHooksAdapter.after_dev._Wrapper.__init__": {"executed_lines": [107, 108, 109], "summary": {"covered_lines": 3, "num_statements": 3, "percent_covered": 100.0, "percent_covered_display": "100", "missing_lines": 0, "excluded_lines": 0}, "missing_lines": [], "excluded_lines": []}, "PhaseHooksAdapter.before_rev": {"executed_lines": [114], "summary": {"covered_lines": 1, "num_statements": 1, "percent_covered": 100.0, "percent_covered_display": "100", "missing_lines": 0, "excluded_lines": 0}, "missing_lines": [], "excluded_lines": []}, "PhaseHooksAdapter.after_rev": {"executed_lines": [124, 125, 130], "summary": {"covered_lines": 3, "num_statements": 3, "percent_covered": 100.0, "percent_covered_display": "100", "missing_lines": 0, "excluded_lines": 0}, "missing_lines": [], "excluded_lines": []}, "PhaseHooksAdapter.after_rev._Wrapper.__init__": {"executed_lines": [126, 127, 128, 129], "summary": {"covered_lines": 4, "num_statements": 4, "percent_covered": 100.0, "percent_covered_display": "100", "missing_lines": 0, "excluded_lines": 0}, "missing_lines": [], "excluded_lines": []}, "PhaseHooksAdapter.hr12_check": {"executed_lines": [139], "summary": {"covered_lines": 1, "num_statements": 1, "percent_covered": 100.0, "percent_covered_display": "100", "missing_lines": 0, "excluded_lines": 0}, "missing_lines": [], "excluded_lines": []}, "PhaseHooksAdapter.postflight": {"executed_lines": [152], "summary": {"covered_lines": 1, "num_statements": 1, "percent_covered": 100.0, "percent_covered_display": "100", "missing_lines": 0, "excluded_lines": 0}, "missing_lines": [], "excluded_lines": []}, "PhaseHooksAdapter.postflight_summary": {"executed_lines": [156], "summary": {"covered_lines": 1, "num_statements": 1, "percent_covered": 100.0, "percent_covered_display": "100", "missing_lines": 0, "excluded_lines": 0}, "missing_lines": [], "excluded_lines": []}, "PhaseHooksAdapter.run_phase_lifecycle": {"executed_lines": [178, 179, 180, 186, 188, 199, 201], "summary": {"covered_lines": 7, "num_statements": 13, "percent_covered": 53.84615384615385, "percent_covered_display": "54", "missing_lines": 6, "excluded_lines": 0}, "missing_lines": [189, 190, 191, 192, 193, 194], "excluded_lines": []}, "PhaseHooksAdapter.get_current_phase": {"executed_lines": [213, 214, 215, 216, 217, 218, 219, 220], "summary": {"covered_lines": 8, "num_statements": 8, "percent_covered": 100.0, "percent_covered_display": "100", "missing_lines": 0, "excluded_lines": 0}, "missing_lines": [], "excluded_lines": []}, "PhaseHooksAdapter.get_monitoring_events": {"executed_lines": [224], "summary": {"covered_lines": 1, "num_statements": 1, "percent_covered": 100.0, "percent_covered_display": "100", "missing_lines": 0, "excluded_lines": 0}, "missing_lines": [], "excluded_lines": []}, "PhaseHooksAdapter.get_fr_results": {"executed_lines": [228], "summary": {"covered_lines": 1, "num_statements": 1, "percent_covered": 100.0, "percent_covered_display": "100", "missing_lines": 0, "excluded_lines": 0}, "missing_lines": [], "excluded_lines": []}, "": {"executed_lines": [2, 37, 39, 40, 41, 44, 45, 52, 61, 72, 81, 85, 93, 97, 112, 116, 132, 145, 154, 162, 211, 222, 226], "summary": {"covered_lines": 21, "num_statements": 21, "percent_covered": 100.0, "percent_covered_display": "100", "missing_lines": 0, "excluded_lines": 0}, "missing_lines": [], "excluded_lines": []}}, "classes": {"PhaseHooksAdapter": {"executed_lines": [53, 54, 55, 63, 66, 79, 83, 87, 95, 105, 106, 110, 114, 124, 125, 130, 139, 152, 156, 178, 179, 180, 186, 188, 199, 201, 213, 214, 215, 216, 217, 218, 219, 220, 224, 228], "summary": {"covered_lines": 36, "num_statements": 44, "percent_covered": 81.81818181818181, "percent_covered_display": "82", "missing_lines": 8, "excluded_lines": 0}, "missing_lines": [64, 65, 189, 190, 191, 192, 193, 194], "excluded_lines": []}, "PhaseHooksAdapter.after_dev._Wrapper": {"executed_lines": [107, 108, 109], "summary": {"covered_lines": 3, "num_statements": 3, "percent_covered": 100.0, "percent_covered_display": "100", "missing_lines": 0, "excluded_lines": 0}, "missing_lines": [], "excluded_lines": []}, "PhaseHooksAdapter.after_rev._Wrapper": {"executed_lines": [126, 127, 128, 129], "summary": {"covered_lines": 4, "num_statements": 4, "percent_covered": 100.0, "percent_covered_display": "100", "missing_lines": 0, "excluded_lines": 0}, "missing_lines": [], "excluded_lines": []}, "": {"executed_lines": [2, 37, 39, 40, 41, 44, 45, 52, 61, 72, 81, 85, 93, 97, 112, 116, 132, 145, 154, 162, 211, 222, 226], "summary": {"covered_lines": 21, "num_statements": 21, "percent_covered": 100.0, "percent_covered_display": "100", "missing_lines": 0, "excluded_lines": 0}, "missing_lines": [], "excluded_lines": []}}}, "core/agent_spawner.py": {"executed_lines": [1, 8, 10, 12, 15, 17, 18, 21, 23, 24, 27, 28, 39, 41, 43, 46, 48, 73, 75, 77, 78, 79, 80, 83, 85, 89, 93, 94, 95, 100, 101, 106, 108, 110, 111, 112, 113, 114, 115, 116, 117, 118, 121, 123, 125, 127, 128, 129], "summary": {"covered_lines": 46, "num_statements": 52, "percent_covered": 88.46153846153847, "percent_covered_display": "88", "missing_lines": 6, "excluded_lines": 0}, "missing_lines": [44, 45, 86, 87, 88, 122], "excluded_lines": [], "functions": {"_load_persona": {"executed_lines": [17, 18], "summary": {"covered_lines": 2, "num_statements": 2, "percent_covered": 100.0, "percent_covered_display": "100", "missing_lines": 0, "excluded_lines": 0}, "missing_lines": [], "excluded_lines": []}, "_load_phase_sop": {"executed_lines": [23, 24], "summary": {"covered_lines": 2, "num_statements": 2, "percent_covered": 100.0, "percent_covered_display": "100", "missing_lines": 0, "excluded_lines": 0}, "missing_lines": [], "excluded_lines": []}, "AgentSpawner._get_reviewer": {"executed_lines": [43, 46], "summary": {"covered_lines": 2, "num_statements": 4, "percent_covered": 50.0, "percent_covered_display": "50", "missing_lines": 2, "excluded_lines": 0}, "missing_lines": [44, 45], "excluded_lines": []}, "AgentSpawner.spawn": {"executed_lines": [73, 75, 77, 78, 79, 80, 83, 85, 89, 93, 94, 95, 100, 101, 106], "summary": {"covered_lines": 15, "num_statements": 18, "percent_covered": 83.33333333333333, "percent_covered_display": "83", "missing_lines": 3, "excluded_lines": 0}, "missing_lines": [86, 87, 88], "excluded_lines": []}, "AgentSpawner._build_prompt": {"executed_lines": [110, 111, 112, 113, 114, 115, 116, 117, 118, 121, 123], "summary": {"covered_lines": 11, "num_statements": 12, "percent_covered": 91.66666666666667, "percent_covered_display": "92", "missing_lines": 1, "excluded_lines": 0}, "missing_lines": [122], "excluded_lines": []}, "AgentSpawner._parse_result": {"executed_lines": [127, 128, 129], "summary": {"covered_lines": 3, "num_statements": 3, "percent_covered": 100.0, "percent_covered_display": "100", "missing_lines": 0, "excluded_lines": 0}, "missing_lines": [], "excluded_lines": []}, "": {"executed_lines": [1, 8, 10, 12, 15, 21, 27, 28, 39, 41, 48, 108, 125], "summary": {"covered_lines": 11, "num_statements": 11, "percent_covered": 100.0, "percent_covered_display": "100", "missing_lines": 0, "excluded_lines": 0}, "missing_lines": [], "excluded_lines": []}}, "classes": {"AgentSpawner": {"executed_lines": [43, 46, 73, 75, 77, 78, 79, 80, 83, 85, 89, 93, 94, 95, 100, 101, 106, 110, 111, 112, 113, 114, 115, 116, 117, 118, 121, 123, 127, 128, 129], "summary": {"covered_lines": 31, "num_statements": 37, "percent_covered": 83.78378378378379, "percent_covered_display": "84", "missing_lines": 6, "excluded_lines": 0}, "missing_lines": [44, 45, 86, 87, 88, 122], "excluded_lines": []}, "": {"executed_lines": [1, 8, 10, 12, 15, 17, 18, 21, 23, 24, 27, 28, 39, 41, 48, 108, 125], "summary": {"covered_lines": 15, "num_statements": 15, "percent_covered": 100.0, "percent_covered_display": "100", "missing_lines": 0, "excluded_lines": 0}, "missing_lines": [], "excluded_lines": []}}}, "core/cli_phase_prompts.py": {"executed_lines": [4, 717, 719, 722, 724, 725], "summary": {"covered_lines": 6, "num_statements": 6, "percent_covered": 100.0, "percent_covered_display": "100", "missing_lines": 0, "excluded_lines": 0}, "missing_lines": [], "excluded_lines": [], "functions": {"get_phase_prompts": {"executed_lines": [719], "summary": {"covered_lines": 1, "num_statements": 1, "percent_covered": 100.0, "percent_covered_display": "100", "missing_lines": 0, "excluded_lines": 0}, "missing_lines": [], "excluded_lines": []}, "get_phase_role": {"executed_lines": [724, 725], "summary": {"covered_lines": 2, "num_statements": 2, "percent_covered": 100.0, "percent_covered_display": "100", "missing_lines": 0, "excluded_lines": 0}, "missing_lines": [], "excluded_lines": []}, "": {"executed_lines": [4, 717, 722], "summary": {"covered_lines": 3, "num_statements": 3, "percent_covered": 100.0, "percent_covered_display": "100", "missing_lines": 0, "excluded_lines": 0}, "missing_lines": [], "excluded_lines": []}}, "classes": {"": {"executed_lines": [4, 717, 719, 722, 724, 725], "summary": {"covered_lines": 6, "num_statements": 6, "percent_covered": 100.0, "percent_covered_display": "100", "missing_lines": 0, "excluded_lines": 0}, "missing_lines": [], "excluded_lines": []}}}, "core/enforcement_config.py": {"executed_lines": [2, 6, 7, 8, 9, 10, 13, 14, 15, 16, 19, 20, 21, 22, 23, 24, 25, 28, 29, 30, 31, 32, 33, 34, 35, 36, 37, 38, 39, 40, 41, 42, 43, 44, 46, 47, 48, 49, 50, 51, 52, 53, 54, 56, 57, 58, 76, 77, 78, 80, 81, 97, 98, 100, 101, 102, 103, 106, 107, 108, 109, 115, 116, 117, 124, 125, 126, 127, 128], "summary": {"covered_lines": 68, "num_statements": 68, "percent_covered": 100.0, "percent_covered_display": "100", "missing_lines": 0, "excluded_lines": 0}, "missing_lines": [], "excluded_lines": [], "functions": {"EnforcementConfig.load": {"executed_lines": [48, 49, 50, 51, 52, 53, 54], "summary": {"covered_lines": 7, "num_statements": 7, "percent_covered": 100.0, "percent_covered_display": "100", "missing_lines": 0, "excluded_lines": 0}, "missing_lines": [], "excluded_lines": []}, "EnforcementConfig.from_dict": {"executed_lines": [58], "summary": {"covered_lines": 1, "num_statements": 1, "percent_covered": 100.0, "percent_covered_display": "100", "missing_lines": 0, "excluded_lines": 0}, "missing_lines": [], "excluded_lines": []}, "EnforcementConfig.from_json": {"executed_lines": [78], "summary": {"covered_lines": 1, "num_statements": 1, "percent_covered": 100.0, "percent_covered_display": "100", "missing_lines": 0, "excluded_lines": 0}, "missing_lines": [], "excluded_lines": []}, "EnforcementConfig.to_dict": {"executed_lines": [81], "summary": {"covered_lines": 1, "num_statements": 1, "percent_covered": 100.0, "percent_covered_display": "100", "missing_lines": 0, "excluded_lines": 0}, "missing_lines": [], "excluded_lines": []}, "EnforcementConfig.to_json": {"executed_lines": [98], "summary": {"covered_lines": 1, "num_statements": 1, "percent_covered": 100.0, "percent_covered_display": "100", "missing_lines": 0, "excluded_lines": 0}, "missing_lines": [], "excluded_lines": []}, "EnforcementConfig.save": {"executed_lines": [101, 102, 103], "summary": {"covered_lines": 3, "num_statements": 3, "percent_covered": 100.0, "percent_covered_display": "100", "missing_lines": 0, "excluded_lines": 0}, "missing_lines": [], "excluded_lines": []}, "ConfigGenerator.local_only": {"executed_lines": [109], "summary": {"covered_lines": 1, "num_statements": 1, "percent_covered": 100.0, "percent_covered_display": "100", "missing_lines": 0, "excluded_lines": 0}, "missing_lines": [], "excluded_lines": []}, "ConfigGenerator.github_actions": {"executed_lines": [117], "summary": {"covered_lines": 1, "num_statements": 1, "percent_covered": 100.0, "percent_covered_display": "100", "missing_lines": 0, "excluded_lines": 0}, "missing_lines": [], "excluded_lines": []}, "ConfigGenerator.auto_detect": {"executed_lines": [126, 127, 128], "summary": {"covered_lines": 3, "num_statements": 3, "percent_covered": 100.0, "percent_covered_display": "100", "missing_lines": 0, "excluded_lines": 0}, "missing_lines": [], "excluded_lines": []}, "": {"executed_lines": [2, 6, 7, 8, 9, 10, 13, 14, 15, 16, 19, 20, 21, 22, 23, 24, 25, 28, 29, 30, 31, 32, 33, 34, 35, 36, 37, 38, 39, 40, 41, 42, 43, 44, 46, 47, 56, 57, 76, 77, 80, 97, 100, 106, 107, 108, 115, 116, 124, 125], "summary": {"covered_lines": 49, "num_statements": 49, "percent_covered": 100.0, "percent_covered_display": "100", "missing_lines": 0, "excluded_lines": 0}, "missing_lines": [], "excluded_lines": []}}, "classes": {"EnforcementMode": {"executed_lines": [], "summary": {"covered_lines": 0, "num_statements": 0, "percent_covered": 100.0, "percent_covered_display": "100", "missing_lines": 0, "excluded_lines": 0}, "missing_lines": [], "excluded_lines": []}, "Platform": {"executed_lines": [], "summary": {"covered_lines": 0, "num_statements": 0, "percent_covered": 100.0, "percent_covered_display": "100", "missing_lines": 0, "excluded_lines": 0}, "missing_lines": [], "excluded_lines": []}, "EnforcementConfig": {"executed_lines": [48, 49, 50, 51, 52, 53, 54, 58, 78, 81, 98, 101, 102, 103], "summary": {"covered_lines": 14, "num_statements": 14, "percent_covered": 100.0, "percent_covered_display": "100", "missing_lines": 0, "excluded_lines": 0}, "missing_lines": [], "excluded_lines": []}, "ConfigGenerator": {"executed_lines": [109, 117, 126, 127, 128], "summary": {"covered_lines": 5, "num_statements": 5, "percent_covered": 100.0, "percent_covered_display": "100", "missing_lines": 0, "excluded_lines": 0}, "missing_lines": [], "excluded_lines": []}, "": {"executed_lines": [2, 6, 7, 8, 9, 10, 13, 14, 15, 16, 19, 20, 21, 22, 23, 24, 25, 28, 29, 30, 31, 32, 33, 34, 35, 36, 37, 38, 39, 40, 41, 42, 43, 44, 46, 47, 56, 57, 76, 77, 80, 97, 100, 106, 107, 108, 115, 116, 124, 125], "summary": {"covered_lines": 49, "num_statements": 49, "percent_covered": 100.0, "percent_covered_display": "100", "missing_lines": 0, "excluded_lines": 0}, "missing_lines": [], "excluded_lines": []}}}, "core/hybrid_workflow.py": {"executed_lines": [2, 11, 12, 13, 15, 16, 17, 18, 20, 21, 22, 24, 25, 26, 27, 28, 29, 30, 31, 33, 34, 40, 41, 42, 43, 45, 46, 47, 48, 49, 50, 51, 52, 53, 54, 55, 56, 57, 58, 59, 61, 62, 68, 69, 70, 71, 72, 73, 74, 75, 76, 77, 78, 79, 80, 82, 83, 84, 85, 87, 88, 91, 92, 93, 94, 95], "summary": {"covered_lines": 65, "num_statements": 65, "percent_covered": 100.0, "percent_covered_display": "100", "missing_lines": 0, "excluded_lines": 0}, "missing_lines": [], "excluded_lines": [], "functions": {"HybridWorkflow.__init__": {"executed_lines": [40, 41, 42, 43], "summary": {"covered_lines": 4, "num_statements": 4, "percent_covered": 100.0, "percent_covered_display": "100", "missing_lines": 0, "excluded_lines": 0}, "missing_lines": [], "excluded_lines": []}, "HybridWorkflow.analyze_change": {"executed_lines": [46, 47, 48, 49, 50, 51, 52, 53, 54, 55, 56, 57, 58, 59, 61, 62], "summary": {"covered_lines": 16, "num_statements": 16, "percent_covered": 100.0, "percent_covered_display": "100", "missing_lines": 0, "excluded_lines": 0}, "missing_lines": [], "excluded_lines": []}, "HybridWorkflow.should_review": {"executed_lines": [69, 70, 71, 72, 73, 74, 75, 76, 77, 78, 79, 80], "summary": {"covered_lines": 12, "num_statements": 12, "percent_covered": 100.0, "percent_covered_display": "100", "missing_lines": 0, "excluded_lines": 0}, "missing_lines": [], "excluded_lines": []}, "HybridWorkflow.execute": {"executed_lines": [83, 84, 85, 87, 88], "summary": {"covered_lines": 5, "num_statements": 5, "percent_covered": 100.0, "percent_covered_display": "100", "missing_lines": 0, "excluded_lines": 0}, "missing_lines": [], "excluded_lines": []}, "HybridWorkflow.get_stats": {"executed_lines": [92, 93, 94, 95], "summary": {"covered_lines": 4, "num_statements": 4, "percent_covered": 100.0, "percent_covered_display": "100", "missing_lines": 0, "excluded_lines": 0}, "missing_lines": [], "excluded_lines": []}, "": {"executed_lines": [2, 11, 12, 13, 15, 16, 17, 18, 20, 21, 22, 24, 25, 26, 27, 28, 29, 30, 31, 33, 34, 45, 68, 82, 91], "summary": {"covered_lines": 24, "num_statements": 24, "percent_covered": 100.0, "percent_covered_display": "100", "missing_lines": 0, "excluded_lines": 0}, "missing_lines": [], "excluded_lines": []}}, "classes": {"WorkflowMode": {"executed_lines": [], "summary": {"covered_lines": 0, "num_statements": 0, "percent_covered": 100.0, "percent_covered_display": "100", "missing_lines": 0, "excluded_lines": 0}, "missing_lines": [], "excluded_lines": []}, "ChangeType": {"executed_lines": [], "summary": {"covered_lines": 0, "num_statements": 0, "percent_covered": 100.0, "percent_covered_display": "100", "missing_lines": 0, "excluded_lines": 0}, "missing_lines": [], "excluded_lines": []}, "ChangeAnalysis": {"executed_lines": [], "summary": {"covered_lines": 0, "num_statements": 0, "percent_covered": 100.0, "percent_covered_display": "100", "missing_lines": 0, "excluded_lines": 0}, "missing_lines": [], "excluded_lines": []}, "HybridWorkflow": {"executed_lines": [40, 41, 42, 43, 46, 47, 48, 49, 50, 51, 52, 53, 54, 55, 56, 57, 58, 59, 61, 62, 69, 70, 71, 72, 73, 74, 75, 76, 77, 78, 79, 80, 83, 84, 85, 87, 88, 92, 93, 94, 95], "summary": {"covered_lines": 41, "num_statements": 41, "percent_covered": 100.0, "percent_covered_display": "100", "missing_lines": 0, "excluded_lines": 0}, "missing_lines": [], "excluded_lines": []}, "": {"executed_lines": [2, 11, 12, 13, 15, 16, 17, 18, 20, 21, 22, 24, 25, 26, 27, 28, 29, 30, 31, 33, 34, 45, 68, 82, 91], "summary": {"covered_lines": 24, "num_statements": 24, "percent_covered": 100.0, "percent_covered_display": "100", "missing_lines": 0, "excluded_lines": 0}, "missing_lines": [], "excluded_lines": []}}}, "core/phase_hooks.py": {"executed_lines": [2, 19, 20, 21, 22, 25, 26, 35, 43, 44, 45, 46, 47, 48, 49, 50, 54, 56, 57, 58, 59, 60, 61, 62, 63, 64, 65, 66, 68, 69, 71, 73, 74, 75, 83, 84, 85, 87, 89, 90, 91, 95, 96, 100, 114, 116, 118, 119, 121, 123, 124, 125, 128, 129, 130, 132, 134, 136, 137, 139, 141, 142, 143, 144, 147, 148, 149, 150, 153, 155, 156, 157, 158, 159, 163, 168, 170, 171, 172, 173, 174, 175, 176, 177, 178, 179, 180, 181, 182, 183, 184, 186, 188, 189, 190, 191, 195, 208, 210, 219, 221, 222, 223, 224, 225], "summary": {"covered_lines": 103, "num_statements": 127, "percent_covered": 81.10236220472441, "percent_covered_display": "81", "missing_lines": 24, "excluded_lines": 3}, "missing_lines": [76, 80, 81, 92, 93, 94, 97, 98, 102, 103, 108, 109, 110, 165, 166, 197, 198, 199, 200, 201, 202, 203, 204, 205], "excluded_lines": [226, 227, 228], "functions": {"PhaseHooks.__init__": {"executed_lines": [43, 44, 45, 46, 47, 48, 49, 50], "summary": {"covered_lines": 8, "num_statements": 8, "percent_covered": 100.0, "percent_covered_display": "100", "missing_lines": 0, "excluded_lines": 0}, "missing_lines": [], "excluded_lines": []}, "PhaseHooks.preflight_fsm_check": {"executed_lines": [56, 57, 58, 59, 60, 61, 62, 63, 64, 65, 66, 68, 69], "summary": {"covered_lines": 13, "num_statements": 13, "percent_covered": 100.0, "percent_covered_display": "100", "missing_lines": 0, "excluded_lines": 0}, "missing_lines": [], "excluded_lines": []}, "PhaseHooks.preflight_constitution": {"executed_lines": [73, 74, 75, 83, 84, 85], "summary": {"covered_lines": 6, "num_statements": 9, "percent_covered": 66.66666666666667, "percent_covered_display": "67", "missing_lines": 3, "excluded_lines": 0}, "missing_lines": [76, 80, 81], "excluded_lines": []}, "PhaseHooks.preflight_tool_registry": {"executed_lines": [89, 90, 91, 95, 96], "summary": {"covered_lines": 5, "num_statements": 10, "percent_covered": 50.0, "percent_covered_display": "50", "missing_lines": 5, "excluded_lines": 0}, "missing_lines": [92, 93, 94, 97, 98], "excluded_lines": []}, "PhaseHooks.preflight_all": {"executed_lines": [], "summary": {"covered_lines": 0, "num_statements": 5, "percent_covered": 0.0, "percent_covered_display": "0", "missing_lines": 5, "excluded_lines": 0}, "missing_lines": [102, 103, 108, 109, 110], "excluded_lines": []}, "PhaseHooks.monitoring_before_dev": {"executed_lines": [116, 118, 119], "summary": {"covered_lines": 3, "num_statements": 3, "percent_covered": 100.0, "percent_covered_display": "100", "missing_lines": 0, "excluded_lines": 0}, "missing_lines": [], "excluded_lines": []}, "PhaseHooks.monitoring_after_dev": {"executed_lines": [123, 124, 125, 128, 129, 130], "summary": {"covered_lines": 6, "num_statements": 6, "percent_covered": 100.0, "percent_covered_display": "100", "missing_lines": 0, "excluded_lines": 0}, "missing_lines": [], "excluded_lines": []}, "PhaseHooks.monitoring_before_rev": {"executed_lines": [134, 136, 137], "summary": {"covered_lines": 3, "num_statements": 3, "percent_covered": 100.0, "percent_covered_display": "100", "missing_lines": 0, "excluded_lines": 0}, "missing_lines": [], "excluded_lines": []}, "PhaseHooks.monitoring_after_rev": {"executed_lines": [141, 142, 143, 144, 147, 148, 149, 150], "summary": {"covered_lines": 8, "num_statements": 8, "percent_covered": 100.0, "percent_covered_display": "100", "missing_lines": 0, "excluded_lines": 0}, "missing_lines": [], "excluded_lines": []}, "PhaseHooks.monitoring_hr12_check": {"executed_lines": [155, 156, 157, 158, 159], "summary": {"covered_lines": 5, "num_statements": 5, "percent_covered": 100.0, "percent_covered_display": "100", "missing_lines": 0, "excluded_lines": 0}, "missing_lines": [], "excluded_lines": []}, "PhaseHooks.postflight_constitution": {"executed_lines": [], "summary": {"covered_lines": 0, "num_statements": 2, "percent_covered": 0.0, "percent_covered_display": "0", "missing_lines": 2, "excluded_lines": 0}, "missing_lines": [165, 166], "excluded_lines": []}, "PhaseHooks.postflight_update_state": {"executed_lines": [170, 171, 172, 173, 174, 175, 176, 177, 178, 179, 180, 181, 182, 183, 184], "summary": {"covered_lines": 15, "num_statements": 15, "percent_covered": 100.0, "percent_covered_display": "100", "missing_lines": 0, "excluded_lines": 0}, "missing_lines": [], "excluded_lines": []}, "PhaseHooks.postflight_summary": {"executed_lines": [188, 189, 190, 191], "summary": {"covered_lines": 4, "num_statements": 4, "percent_covered": 100.0, "percent_covered_display": "100", "missing_lines": 0, "excluded_lines": 0}, "missing_lines": [], "excluded_lines": []}, "PhaseHooks.postflight_all": {"executed_lines": [], "summary": {"covered_lines": 0, "num_statements": 9, "percent_covered": 0.0, "percent_covered_display": "0", "missing_lines": 9, "excluded_lines": 0}, "missing_lines": [197, 198, 199, 200, 201, 202, 203, 204, 205], "excluded_lines": []}, "PhaseHooks.add_fr_result": {"executed_lines": [210], "summary": {"covered_lines": 1, "num_statements": 1, "percent_covered": 100.0, "percent_covered_display": "100", "missing_lines": 0, "excluded_lines": 0}, "missing_lines": [], "excluded_lines": []}, "PhaseHooks._append_log": {"executed_lines": [221, 222, 223, 224, 225], "summary": {"covered_lines": 5, "num_statements": 5, "percent_covered": 100.0, "percent_covered_display": "100", "missing_lines": 0, "excluded_lines": 3}, "missing_lines": [], "excluded_lines": [226, 227, 228]}, "": {"executed_lines": [2, 19, 20, 21, 22, 25, 26, 35, 54, 71, 87, 100, 114, 121, 132, 139, 153, 163, 168, 186, 195, 208, 219], "summary": {"covered_lines": 21, "num_statements": 21, "percent_covered": 100.0, "percent_covered_display": "100", "missing_lines": 0, "excluded_lines": 0}, "missing_lines": [], "excluded_lines": []}}, "classes": {"PhaseHooks": {"executed_lines": [43, 44, 45, 46, 47, 48, 49, 50, 56, 57, 58, 59, 60, 61, 62, 63, 64, 65, 66, 68, 69, 73, 74, 75, 83, 84, 85, 89, 90, 91, 95, 96, 116, 118, 119, 123, 124, 125, 128, 129, 130, 134, 136, 137, 141, 142, 143, 144, 147, 148, 149, 150, 155, 156, 157, 158, 159, 170, 171, 172, 173, 174, 175, 176, 177, 178, 179, 180, 181, 182, 183, 184, 188, 189, 190, 191, 210, 221, 222, 223, 224, 225], "summary": {"covered_lines": 82, "num_statements": 106, "percent_covered": 77.35849056603773, "percent_covered_display": "77", "missing_lines": 24, "excluded_lines": 3}, "missing_lines": [76, 80, 81, 92, 93, 94, 97, 98, 102, 103, 108, 109, 110, 165, 166, 197, 198, 199, 200, 201, 202, 203, 204, 205], "excluded_lines": [226, 227, 228]}, "": {"executed_lines": [2, 19, 20, 21, 22, 25, 26, 35, 54, 71, 87, 100, 114, 121, 132, 139, 153, 163, 168, 186, 195, 208, 219], "summary": {"covered_lines": 21, "num_statements": 21, "percent_covered": 100.0, "percent_covered_display": "100", "missing_lines": 0, "excluded_lines": 0}, "missing_lines": [], "excluded_lines": []}}}, "core/quality_gate/ab_enforcer.py": {"executed_lines": [2, 17, 18, 19, 21, 24, 25, 32, 39, 40, 42, 60, 61, 68, 71, 73, 74, 82, 83, 86, 88, 89, 91, 93, 95, 106, 125, 126, 133, 136, 138, 139, 147, 170, 171, 173, 174, 175, 176, 178, 179, 180, 184, 187, 191, 193, 194, 196, 206, 220, 221, 228, 231, 232, 235, 236, 239, 243, 244, 245, 247, 255, 265, 277, 279, 289, 290, 292, 293, 295, 296, 301, 312, 313, 316, 327, 328, 331], "summary": {"covered_lines": 75, "num_statements": 81, "percent_covered": 92.5925925925926, "percent_covered_display": "93", "missing_lines": 6, "excluded_lines": 23}, "missing_lines": [240, 248, 249, 250, 251, 253], "excluded_lines": [331, 332, 334, 335, 336, 338, 339, 341, 342, 344, 345, 348, 349, 350, 351, 354, 355, 356, 359, 360, 361, 362, 363], "functions": {"ABEnforcer.__init__": {"executed_lines": [39, 40], "summary": {"covered_lines": 2, "num_statements": 2, "percent_covered": 100.0, "percent_covered_display": "100", "missing_lines": 0, "excluded_lines": 0}, "missing_lines": [], "excluded_lines": []}, "ABEnforcer.verify_developer_reviewer_separation": {"executed_lines": [60, 61, 68, 71, 73, 74, 82, 83, 86, 88, 89, 91, 93, 95], "summary": {"covered_lines": 14, "num_statements": 14, "percent_covered": 100.0, "percent_covered_display": "100", "missing_lines": 0, "excluded_lines": 0}, "missing_lines": [], "excluded_lines": []}, "ABEnforcer.verify_ab_dialogue_exists": {"executed_lines": [125, 126, 133, 136, 138, 139, 147, 170, 171, 173, 174, 175, 176, 178, 179, 180, 184, 187, 191, 193, 194, 196], "summary": {"covered_lines": 22, "num_statements": 22, "percent_covered": 100.0, "percent_covered_display": "100", "missing_lines": 0, "excluded_lines": 0}, "missing_lines": [], "excluded_lines": []}, "ABEnforcer.verify_qa_not_developer": {"executed_lines": [220, 221, 228, 231, 232, 235, 236, 239, 243, 244, 245, 247, 255], "summary": {"covered_lines": 13, "num_statements": 19, "percent_covered": 68.42105263157895, "percent_covered_display": "68", "missing_lines": 6, "excluded_lines": 0}, "missing_lines": [240, 248, 249, 250, 251, 253], "excluded_lines": []}, "ABEnforcer.verify_all_ab_checks": {"executed_lines": [277, 279], "summary": {"covered_lines": 2, "num_statements": 2, "percent_covered": 100.0, "percent_covered_display": "100", "missing_lines": 0, "excluded_lines": 0}, "missing_lines": [], "excluded_lines": []}, "ABEnforcer._extract_phase_content": {"executed_lines": [290], "summary": {"covered_lines": 1, "num_statements": 1, "percent_covered": 100.0, "percent_covered_display": "100", "missing_lines": 0, "excluded_lines": 0}, "missing_lines": [], "excluded_lines": []}, "ABEnforcer._extract_session": {"executed_lines": [293], "summary": {"covered_lines": 1, "num_statements": 1, "percent_covered": 100.0, "percent_covered_display": "100", "missing_lines": 0, "excluded_lines": 0}, "missing_lines": [], "excluded_lines": []}, "ABEnforcer._normalize_session": {"executed_lines": [296], "summary": {"covered_lines": 1, "num_statements": 1, "percent_covered": 100.0, "percent_covered_display": "100", "missing_lines": 0, "excluded_lines": 0}, "missing_lines": [], "excluded_lines": []}, "verify_ab_separation": {"executed_lines": [312, 313], "summary": {"covered_lines": 2, "num_statements": 2, "percent_covered": 100.0, "percent_covered_display": "100", "missing_lines": 0, "excluded_lines": 0}, "missing_lines": [], "excluded_lines": []}, "verify_ab_dialogue": {"executed_lines": [327, 328], "summary": {"covered_lines": 2, "num_statements": 2, "percent_covered": 100.0, "percent_covered_display": "100", "missing_lines": 0, "excluded_lines": 0}, "missing_lines": [], "excluded_lines": []}, "": {"executed_lines": [2, 17, 18, 19, 21, 24, 25, 32, 42, 106, 206, 265, 289, 292, 295, 301, 316, 331], "summary": {"covered_lines": 15, "num_statements": 15, "percent_covered": 100.0, "percent_covered_display": "100", "missing_lines": 0, "excluded_lines": 23}, "missing_lines": [], "excluded_lines": [331, 332, 334, 335, 336, 338, 339, 341, 342, 344, 345, 348, 349, 350, 351, 354, 355, 356, 359, 360, 361, 362, 363]}}, "classes": {"ABEnforcer": {"executed_lines": [39, 40, 60, 61, 68, 71, 73, 74, 82, 83, 86, 88, 89, 91, 93, 95, 125, 126, 133, 136, 138, 139, 147, 170, 171, 173, 174, 175, 176, 178, 179, 180, 184, 187, 191, 193, 194, 196, 220, 221, 228, 231, 232, 235, 236, 239, 243, 244, 245, 247, 255, 277, 279, 290, 293, 296], "summary": {"covered_lines": 56, "num_statements": 62, "percent_covered": 90.3225806451613, "percent_covered_display": "90", "missing_lines": 6, "excluded_lines": 0}, "missing_lines": [240, 248, 249, 250, 251, 253], "excluded_lines": []}, "": {"executed_lines": [2, 17, 18, 19, 21, 24, 25, 32, 42, 106, 206, 265, 289, 292, 295, 301, 312, 313, 316, 327, 328, 331], "summary": {"covered_lines": 19, "num_statements": 19, "percent_covered": 100.0, "percent_covered_display": "100", "missing_lines": 0, "excluded_lines": 23}, "missing_lines": [], "excluded_lines": [331, 332, 334, 335, 336, 338, 339, 341, 342, 344, 345, 348, 349, 350, 351, 354, 355, 356, 359, 360, 361, 362, 363]}}}, "core/quality_gate/claims_verifier.py": {"executed_lines": [1, 6, 8, 9, 10, 11, 14, 15, 16, 17, 18, 21, 22, 24, 25, 27, 34, 35, 36, 39, 40, 41, 42, 43, 44, 47, 48, 50, 51, 52, 53, 54, 55, 56, 57, 58, 63, 64], "summary": {"covered_lines": 36, "num_statements": 36, "percent_covered": 100.0, "percent_covered_display": "100", "missing_lines": 0, "excluded_lines": 0}, "missing_lines": [], "excluded_lines": [], "functions": {"ClaimsVerifier.__init__": {"executed_lines": [25], "summary": {"covered_lines": 1, "num_statements": 1, "percent_covered": 100.0, "percent_covered_display": "100", "missing_lines": 0, "excluded_lines": 0}, "missing_lines": [], "excluded_lines": []}, "ClaimsVerifier.verify_sessions_spawn_log": {"executed_lines": [34, 35, 36, 39, 40, 41, 42, 43, 44, 47, 48, 50, 51, 52, 53, 54, 55, 56, 57, 58, 63, 64], "summary": {"covered_lines": 22, "num_statements": 22, "percent_covered": 100.0, "percent_covered_display": "100", "missing_lines": 0, "excluded_lines": 0}, "missing_lines": [], "excluded_lines": []}, "": {"executed_lines": [1, 6, 8, 9, 10, 11, 14, 15, 16, 17, 18, 21, 22, 24, 27], "summary": {"covered_lines": 13, "num_statements": 13, "percent_covered": 100.0, "percent_covered_display": "100", "missing_lines": 0, "excluded_lines": 0}, "missing_lines": [], "excluded_lines": []}}, "classes": {"ClaimsVerifyResult": {"executed_lines": [], "summary": {"covered_lines": 0, "num_statements": 0, "percent_covered": 100.0, "percent_covered_display": "100", "missing_lines": 0, "excluded_lines": 0}, "missing_lines": [], "excluded_lines": []}, "ClaimsVerifier": {"executed_lines": [25, 34, 35, 36, 39, 40, 41, 42, 43, 44, 47, 48, 50, 51, 52, 53, 54, 55, 56, 57, 58, 63, 64], "summary": {"covered_lines": 23, "num_statements": 23, "percent_covered": 100.0, "percent_covered_display": "100", "missing_lines": 0, "excluded_lines": 0}, "missing_lines": [], "excluded_lines": []}, "": {"executed_lines": [1, 6, 8, 9, 10, 11, 14, 15, 16, 17, 18, 21, 22, 24, 27], "summary": {"covered_lines": 13, "num_statements": 13, "percent_covered": 100.0, "percent_covered_display": "100", "missing_lines": 0, "excluded_lines": 0}, "missing_lines": [], "excluded_lines": []}}}, "core/quality_gate/feedback_hook.py": {"executed_lines": [1, 5, 6, 7, 8, 10, 13, 14, 16, 17, 18, 19, 21, 22, 28, 30, 32, 33, 34, 35, 39, 41, 43], "summary": {"covered_lines": 21, "num_statements": 26, "percent_covered": 80.76923076923077, "percent_covered_display": "81", "missing_lines": 5, "excluded_lines": 0}, "missing_lines": [23, 24, 25, 26, 27], "excluded_lines": [], "functions": {"AutoQualityGateWithFeedback.__init__": {"executed_lines": [17, 18, 19], "summary": {"covered_lines": 3, "num_statements": 3, "percent_covered": 100.0, "percent_covered_display": "100", "missing_lines": 0, "excluded_lines": 0}, "missing_lines": [], "excluded_lines": []}, "AutoQualityGateWithFeedback._get_adapter": {"executed_lines": [22, 28], "summary": {"covered_lines": 2, "num_statements": 7, "percent_covered": 28.571428571428573, "percent_covered_display": "29", "missing_lines": 5, "excluded_lines": 0}, "missing_lines": [23, 24, 25, 26, 27], "excluded_lines": []}, "AutoQualityGateWithFeedback.check": {"executed_lines": [32, 33, 34, 35, 39], "summary": {"covered_lines": 5, "num_statements": 5, "percent_covered": 100.0, "percent_covered_display": "100", "missing_lines": 0, "excluded_lines": 0}, "missing_lines": [], "excluded_lines": []}, "AutoQualityGateWithFeedback.run": {"executed_lines": [43], "summary": {"covered_lines": 1, "num_statements": 1, "percent_covered": 100.0, "percent_covered_display": "100", "missing_lines": 0, "excluded_lines": 0}, "missing_lines": [], "excluded_lines": []}, "": {"executed_lines": [1, 5, 6, 7, 8, 10, 13, 14, 16, 21, 30, 41], "summary": {"covered_lines": 10, "num_statements": 10, "percent_covered": 100.0, "percent_covered_display": "100", "missing_lines": 0, "excluded_lines": 0}, "missing_lines": [], "excluded_lines": []}}, "classes": {"AutoQualityGateWithFeedback": {"executed_lines": [17, 18, 19, 22, 28, 32, 33, 34, 35, 39, 43], "summary": {"covered_lines": 11, "num_statements": 16, "percent_covered": 68.75, "percent_covered_display": "69", "missing_lines": 5, "excluded_lines": 0}, "missing_lines": [23, 24, 25, 26, 27], "excluded_lines": []}, "": {"executed_lines": [1, 5, 6, 7, 8, 10, 13, 14, 16, 21, 30, 41], "summary": {"covered_lines": 10, "num_statements": 10, "percent_covered": 100.0, "percent_covered_display": "100", "missing_lines": 0, "excluded_lines": 0}, "missing_lines": [], "excluded_lines": []}}}, "core/quality_gate/parsers/development_log_parser.py": {"executed_lines": [1, 7, 9, 10, 13, 14, 16, 17, 28, 29, 33, 34, 35, 36, 37, 39, 40, 55, 60, 61, 62, 63, 66, 72, 73, 74, 75, 77, 79, 80, 87, 88, 89], "summary": {"covered_lines": 31, "num_statements": 31, "percent_covered": 100.0, "percent_covered_display": "100", "missing_lines": 0, "excluded_lines": 0}, "missing_lines": [], "excluded_lines": [], "functions": {"DevelopmentLogParser.extract_phase_content": {"executed_lines": [28, 29, 33, 34, 35, 36, 37], "summary": {"covered_lines": 7, "num_statements": 7, "percent_covered": 100.0, "percent_covered_display": "100", "missing_lines": 0, "excluded_lines": 0}, "missing_lines": [], "excluded_lines": []}, "DevelopmentLogParser.extract_session": {"executed_lines": [55, 60, 61, 62, 63, 66, 72, 73, 74, 75, 77], "summary": {"covered_lines": 11, "num_statements": 11, "percent_covered": 100.0, "percent_covered_display": "100", "missing_lines": 0, "excluded_lines": 0}, "missing_lines": [], "excluded_lines": []}, "DevelopmentLogParser.normalize_session": {"executed_lines": [87, 88, 89], "summary": {"covered_lines": 3, "num_statements": 3, "percent_covered": 100.0, "percent_covered_display": "100", "missing_lines": 0, "excluded_lines": 0}, "missing_lines": [], "excluded_lines": []}, "": {"executed_lines": [1, 7, 9, 10, 13, 14, 16, 17, 39, 40, 79, 80], "summary": {"covered_lines": 10, "num_statements": 10, "percent_covered": 100.0, "percent_covered_display": "100", "missing_lines": 0, "excluded_lines": 0}, "missing_lines": [], "excluded_lines": []}}, "classes": {"DevelopmentLogParser": {"executed_lines": [28, 29, 33, 34, 35, 36, 37, 55, 60, 61, 62, 63, 66, 72, 73, 74, 75, 77, 87, 88, 89], "summary": {"covered_lines": 21, "num_statements": 21, "percent_covered": 100.0, "percent_covered_display": "100", "missing_lines": 0, "excluded_lines": 0}, "missing_lines": [], "excluded_lines": []}, "": {"executed_lines": [1, 7, 9, 10, 13, 14, 16, 17, 39, 40, 79, 80], "summary": {"covered_lines": 10, "num_statements": 10, "percent_covered": 100.0, "percent_covered_display": "100", "missing_lines": 0, "excluded_lines": 0}, "missing_lines": [], "excluded_lines": []}}}, "core/quality_gate/parsers/spec_tracking_parser.py": {"executed_lines": [1, 7, 9, 10, 13, 14, 16, 17, 19, 20, 22, 23, 25, 27, 28, 34, 35, 36, 38, 39, 40, 41, 42, 43, 44, 45, 47, 48, 49, 50, 52, 53, 59, 64, 65, 66, 67, 68, 69, 70, 71], "summary": {"covered_lines": 39, "num_statements": 39, "percent_covered": 100.0, "percent_covered_display": "100", "missing_lines": 0, "excluded_lines": 0}, "missing_lines": [], "excluded_lines": [], "functions": {"SpecTrackingParser.has_table": {"executed_lines": [19, 20], "summary": {"covered_lines": 2, "num_statements": 2, "percent_covered": 100.0, "percent_covered_display": "100", "missing_lines": 0, "excluded_lines": 0}, "missing_lines": [], "excluded_lines": []}, "SpecTrackingParser.has_update_log": {"executed_lines": [25], "summary": {"covered_lines": 1, "num_statements": 1, "percent_covered": 100.0, "percent_covered_display": "100", "missing_lines": 0, "excluded_lines": 0}, "missing_lines": [], "excluded_lines": []}, "SpecTrackingParser.find_entries_without_status": {"executed_lines": [34, 35, 36, 38, 39, 40, 41, 42, 43, 44, 45, 47, 48, 49, 50], "summary": {"covered_lines": 15, "num_statements": 15, "percent_covered": 100.0, "percent_covered_display": "100", "missing_lines": 0, "excluded_lines": 0}, "missing_lines": [], "excluded_lines": []}, "SpecTrackingParser.count_status": {"executed_lines": [59, 64, 65, 66, 67, 68, 69, 70, 71], "summary": {"covered_lines": 9, "num_statements": 9, "percent_covered": 100.0, "percent_covered_display": "100", "missing_lines": 0, "excluded_lines": 0}, "missing_lines": [], "excluded_lines": []}, "": {"executed_lines": [1, 7, 9, 10, 13, 14, 16, 17, 22, 23, 27, 28, 52, 53], "summary": {"covered_lines": 12, "num_statements": 12, "percent_covered": 100.0, "percent_covered_display": "100", "missing_lines": 0, "excluded_lines": 0}, "missing_lines": [], "excluded_lines": []}}, "classes": {"SpecTrackingParser": {"executed_lines": [19, 20, 25, 34, 35, 36, 38, 39, 40, 41, 42, 43, 44, 45, 47, 48, 49, 50, 59, 64, 65, 66, 67, 68, 69, 70, 71], "summary": {"covered_lines": 27, "num_statements": 27, "percent_covered": 100.0, "percent_covered_display": "100", "missing_lines": 0, "excluded_lines": 0}, "missing_lines": [], "excluded_lines": []}, "": {"executed_lines": [1, 7, 9, 10, 13, 14, 16, 17, 22, 23, 27, 28, 52, 53], "summary": {"covered_lines": 12, "num_statements": 12, "percent_covered": 100.0, "percent_covered_display": "100", "missing_lines": 0, "excluded_lines": 0}, "missing_lines": [], "excluded_lines": []}}}, "core/quality_gate/phase_config.py": {"executed_lines": [1, 4, 6], "summary": {"covered_lines": 2, "num_statements": 2, "percent_covered": 100.0, "percent_covered_display": "100", "missing_lines": 0, "excluded_lines": 0}, "missing_lines": [], "excluded_lines": [], "functions": {"": {"executed_lines": [1, 4, 6], "summary": {"covered_lines": 2, "num_statements": 2, "percent_covered": 100.0, "percent_covered_display": "100", "missing_lines": 0, "excluded_lines": 0}, "missing_lines": [], "excluded_lines": []}}, "classes": {"": {"executed_lines": [1, 4, 6], "summary": {"covered_lines": 2, "num_statements": 2, "percent_covered": 100.0, "percent_covered_display": "100", "missing_lines": 0, "excluded_lines": 0}, "missing_lines": [], "excluded_lines": []}}}, "core/quality_gate/phase_paths.py": {"executed_lines": [1, 8, 10], "summary": {"covered_lines": 2, "num_statements": 2, "percent_covered": 100.0, "percent_covered_display": "100", "missing_lines": 0, "excluded_lines": 0}, "missing_lines": [], "excluded_lines": [], "functions": {"": {"executed_lines": [1, 8, 10], "summary": {"covered_lines": 2, "num_statements": 2, "percent_covered": 100.0, "percent_covered_display": "100", "missing_lines": 0, "excluded_lines": 0}, "missing_lines": [], "excluded_lines": []}}, "classes": {"": {"executed_lines": [1, 8, 10], "summary": {"covered_lines": 2, "num_statements": 2, "percent_covered": 100.0, "percent_covered_display": "100", "missing_lines": 0, "excluded_lines": 0}, "missing_lines": [], "excluded_lines": []}}}, "core/quality_gate/phase_truth_verifier.py": {"executed_lines": [2, 18, 19, 20, 21, 22, 23, 26, 27, 28, 29, 32, 33, 36, 43, 44, 45, 46, 48, 50, 52, 53, 57, 58, 59, 61, 62, 63, 65, 66, 67, 71, 73, 75, 76, 78, 79, 84, 85, 88, 89, 90, 92, 93, 94, 95, 97, 98, 99, 102, 103, 104, 106, 107, 108, 109, 110, 111, 115, 116, 118, 119, 121, 122, 123, 125, 127, 128, 136, 137, 138, 140, 141, 142, 143, 144, 148, 150, 152, 153, 162, 164, 165, 166, 168, 169, 171, 172, 173, 175, 176, 177, 179, 183, 194, 216, 219, 220, 222, 223, 224, 226, 227, 228, 230, 232, 237, 244, 257, 259, 262, 263, 264, 265, 269, 270, 275, 276, 284, 289, 290, 292, 293, 295, 296, 298, 299, 307, 309, 310, 311, 312, 313, 314, 317, 318, 320, 321, 322, 323, 324, 325, 327, 336], "summary": {"covered_lines": 141, "num_statements": 152, "percent_covered": 92.76315789473684, "percent_covered_display": "93", "missing_lines": 11, "excluded_lines": 9}, "missing_lines": [54, 55, 68, 69, 112, 113, 145, 146, 233, 234, 235], "excluded_lines": [336, 337, 339, 340, 342, 344, 346, 347, 349], "functions": {"PhaseTruthVerifier.__init__": {"executed_lines": [44, 45, 46], "summary": {"covered_lines": 3, "num_statements": 3, "percent_covered": 100.0, "percent_covered_display": "100", "missing_lines": 0, "excluded_lines": 0}, "missing_lines": [], "excluded_lines": []}, "PhaseTruthVerifier.check_framework_block": {"executed_lines": [50, 52, 53, 57, 58, 59, 61, 62, 63, 65, 66, 67], "summary": {"covered_lines": 12, "num_statements": 16, "percent_covered": 75.0, "percent_covered_display": "75", "missing_lines": 4, "excluded_lines": 0}, "missing_lines": [54, 55, 68, 69], "excluded_lines": []}, "PhaseTruthVerifier.check_session_log": {"executed_lines": [73, 75, 76, 78, 79, 84, 85, 88, 89, 90, 92, 93, 94, 95, 97, 98, 99, 102, 103, 104, 106, 107, 108, 109, 110, 111, 115, 116, 118, 119, 121, 122, 123], "summary": {"covered_lines": 33, "num_statements": 35, "percent_covered": 94.28571428571429, "percent_covered_display": "94", "missing_lines": 2, "excluded_lines": 0}, "missing_lines": [112, 113], "excluded_lines": []}, "PhaseTruthVerifier.check_pytest": {"executed_lines": [127, 128, 136, 137, 138, 140, 141, 142, 143, 144], "summary": {"covered_lines": 10, "num_statements": 12, "percent_covered": 83.33333333333333, "percent_covered_display": "83", "missing_lines": 2, "excluded_lines": 0}, "missing_lines": [145, 146], "excluded_lines": []}, "PhaseTruthVerifier.check_coverage": {"executed_lines": [150, 152, 153, 162, 164, 165, 166, 168, 169, 171, 172, 173, 175, 176, 177], "summary": {"covered_lines": 15, "num_statements": 15, "percent_covered": 100.0, "percent_covered_display": "100", "missing_lines": 0, "excluded_lines": 0}, "missing_lines": [], "excluded_lines": []}, "PhaseTruthVerifier.get_manual_checklist": {"executed_lines": [183, 194, 216, 219, 220, 222, 223, 224, 226, 227, 228, 230, 232, 237, 244, 257], "summary": {"covered_lines": 16, "num_statements": 19, "percent_covered": 84.21052631578948, "percent_covered_display": "84", "missing_lines": 3, "excluded_lines": 0}, "missing_lines": [233, 234, 235], "excluded_lines": []}, "PhaseTruthVerifier.verify": {"executed_lines": [262, 263, 264, 265, 269, 270, 275, 276, 284, 289, 290, 292, 293, 295, 296, 298, 299, 307, 309, 310, 311, 312, 313, 314, 317, 318, 320, 321, 322, 323, 324, 325, 327], "summary": {"covered_lines": 33, "num_statements": 33, "percent_covered": 100.0, "percent_covered_display": "100", "missing_lines": 0, "excluded_lines": 0}, "missing_lines": [], "excluded_lines": []}, "": {"executed_lines": [2, 18, 19, 20, 21, 22, 23, 26, 27, 28, 29, 32, 33, 36, 43, 48, 71, 125, 148, 179, 259, 336], "summary": {"covered_lines": 19, "num_statements": 19, "percent_covered": 100.0, "percent_covered_display": "100", "missing_lines": 0, "excluded_lines": 9}, "missing_lines": [], "excluded_lines": [336, 337, 339, 340, 342, 344, 346, 347, 349]}}, "classes": {"PhaseTruthVerifier": {"executed_lines": [44, 45, 46, 50, 52, 53, 57, 58, 59, 61, 62, 63, 65, 66, 67, 73, 75, 76, 78, 79, 84, 85, 88, 89, 90, 92, 93, 94, 95, 97, 98, 99, 102, 103, 104, 106, 107, 108, 109, 110, 111, 115, 116, 118, 119, 121, 122, 123, 127, 128, 136, 137, 138, 140, 141, 142, 143, 144, 150, 152, 153, 162, 164, 165, 166, 168, 169, 171, 172, 173, 175, 176, 177, 183, 194, 216, 219, 220, 222, 223, 224, 226, 227, 228, 230, 232, 237, 244, 257, 262, 263, 264, 265, 269, 270, 275, 276, 284, 289, 290, 292, 293, 295, 296, 298, 299, 307, 309, 310, 311, 312, 313, 314, 317, 318, 320, 321, 322, 323, 324, 325, 327], "summary": {"covered_lines": 122, "num_statements": 133, "percent_covered": 91.72932330827068, "percent_covered_display": "92", "missing_lines": 11, "excluded_lines": 0}, "missing_lines": [54, 55, 68, 69, 112, 113, 145, 146, 233, 234, 235], "excluded_lines": []}, "": {"executed_lines": [2, 18, 19, 20, 21, 22, 23, 26, 27, 28, 29, 32, 33, 36, 43, 48, 71, 125, 148, 179, 259, 336], "summary": {"covered_lines": 19, "num_statements": 19, "percent_covered": 100.0, "percent_covered_display": "100", "missing_lines": 0, "excluded_lines": 9}, "missing_lines": [], "excluded_lines": [336, 337, 339, 340, 342, 344, 346, 347, 349]}}}, "core/quality_gate/spec_tracking_checker.py": {"executed_lines": [2, 12, 13, 15, 18, 19, 21, 22, 24, 30, 31, 32, 33, 34, 35, 36, 37, 39, 41, 43, 45, 46, 52, 54, 55, 56, 59, 60, 63, 64, 67, 68, 71, 72, 76, 86, 87, 89, 90, 92, 93, 95, 97, 98, 99, 101, 113, 114, 115, 123, 124, 126, 127, 129, 130, 133, 135, 144, 146, 147, 148, 149, 151, 153, 154, 155, 157, 160, 162, 163, 164, 165, 168, 170, 171, 172, 173, 174, 175, 177, 178, 181, 204], "summary": {"covered_lines": 80, "num_statements": 99, "percent_covered": 80.8080808080808, "percent_covered_display": "81", "missing_lines": 19, "excluded_lines": 3}, "missing_lines": [53, 73, 74, 125, 158, 169, 183, 185, 186, 188, 190, 192, 194, 195, 196, 197, 199, 200, 201], "excluded_lines": [204, 205, 206], "functions": {"SpecTrackingChecker.__init__": {"executed_lines": [22, 24, 30, 31, 32, 33, 34, 35, 36, 37], "summary": {"covered_lines": 10, "num_statements": 10, "percent_covered": 100.0, "percent_covered_display": "100", "missing_lines": 0, "excluded_lines": 0}, "missing_lines": [], "excluded_lines": []}, "SpecTrackingChecker.check_exists": {"executed_lines": [41], "summary": {"covered_lines": 1, "num_statements": 1, "percent_covered": 100.0, "percent_covered_display": "100", "missing_lines": 0, "excluded_lines": 0}, "missing_lines": [], "excluded_lines": []}, "SpecTrackingChecker.check_completeness": {"executed_lines": [45, 46, 52, 54, 55, 56, 59, 60, 63, 64, 67, 68, 71, 72, 76], "summary": {"covered_lines": 15, "num_statements": 18, "percent_covered": 83.33333333333333, "percent_covered_display": "83", "missing_lines": 3, "excluded_lines": 0}, "missing_lines": [53, 73, 74], "excluded_lines": []}, "SpecTrackingChecker._has_table": {"executed_lines": [87], "summary": {"covered_lines": 1, "num_statements": 1, "percent_covered": 100.0, "percent_covered_display": "100", "missing_lines": 0, "excluded_lines": 0}, "missing_lines": [], "excluded_lines": []}, "SpecTrackingChecker._has_update_log": {"executed_lines": [90], "summary": {"covered_lines": 1, "num_statements": 1, "percent_covered": 100.0, "percent_covered_display": "100", "missing_lines": 0, "excluded_lines": 0}, "missing_lines": [], "excluded_lines": []}, "SpecTrackingChecker._find_entries_without_status": {"executed_lines": [93], "summary": {"covered_lines": 1, "num_statements": 1, "percent_covered": 100.0, "percent_covered_display": "100", "missing_lines": 0, "excluded_lines": 0}, "missing_lines": [], "excluded_lines": []}, "SpecTrackingChecker.run": {"executed_lines": [97, 98, 99], "summary": {"covered_lines": 3, "num_statements": 3, "percent_covered": 100.0, "percent_covered_display": "100", "missing_lines": 0, "excluded_lines": 0}, "missing_lines": [], "excluded_lines": []}, "SpecTrackingChecker.run_enforcement": {"executed_lines": [113, 114, 115, 123, 124, 126, 127, 129, 130, 133, 135], "summary": {"covered_lines": 11, "num_statements": 12, "percent_covered": 91.66666666666667, "percent_covered_display": "92", "missing_lines": 1, "excluded_lines": 0}, "missing_lines": [125], "excluded_lines": []}, "SpecTrackingChecker.print_report": {"executed_lines": [146, 147, 148, 149, 151, 153, 154, 155, 157, 160, 162, 163, 164, 165, 168, 170, 171, 172, 173, 174, 175], "summary": {"covered_lines": 21, "num_statements": 23, "percent_covered": 91.30434782608695, "percent_covered_display": "91", "missing_lines": 2, "excluded_lines": 0}, "missing_lines": [158, 169], "excluded_lines": []}, "SpecTrackingChecker._count_status": {"executed_lines": [178], "summary": {"covered_lines": 1, "num_statements": 1, "percent_covered": 100.0, "percent_covered_display": "100", "missing_lines": 0, "excluded_lines": 0}, "missing_lines": [], "excluded_lines": []}, "main": {"executed_lines": [], "summary": {"covered_lines": 0, "num_statements": 13, "percent_covered": 0.0, "percent_covered_display": "0", "missing_lines": 13, "excluded_lines": 0}, "missing_lines": [183, 185, 186, 188, 190, 192, 194, 195, 196, 197, 199, 200, 201], "excluded_lines": []}, "": {"executed_lines": [2, 12, 13, 15, 18, 19, 21, 39, 43, 86, 89, 92, 95, 101, 144, 177, 181, 204], "summary": {"covered_lines": 15, "num_statements": 15, "percent_covered": 100.0, "percent_covered_display": "100", "missing_lines": 0, "excluded_lines": 3}, "missing_lines": [], "excluded_lines": [204, 205, 206]}}, "classes": {"SpecTrackingChecker": {"executed_lines": [22, 24, 30, 31, 32, 33, 34, 35, 36, 37, 41, 45, 46, 52, 54, 55, 56, 59, 60, 63, 64, 67, 68, 71, 72, 76, 87, 90, 93, 97, 98, 99, 113, 114, 115, 123, 124, 126, 127, 129, 130, 133, 135, 146, 147, 148, 149, 151, 153, 154, 155, 157, 160, 162, 163, 164, 165, 168, 170, 171, 172, 173, 174, 175, 178], "summary": {"covered_lines": 65, "num_statements": 71, "percent_covered": 91.54929577464789, "percent_covered_display": "92", "missing_lines": 6, "excluded_lines": 0}, "missing_lines": [53, 73, 74, 125, 158, 169], "excluded_lines": []}, "": {"executed_lines": [2, 12, 13, 15, 18, 19, 21, 39, 43, 86, 89, 92, 95, 101, 144, 177, 181, 204], "summary": {"covered_lines": 15, "num_statements": 28, "percent_covered": 53.57142857142857, "percent_covered_display": "54", "missing_lines": 13, "excluded_lines": 3}, "missing_lines": [183, 185, 186, 188, 190, 192, 194, 195, 196, 197, 199, 200, 201], "excluded_lines": [204, 205, 206]}}}, "core/quality_gate/stage_pass_generator.py": {"executed_lines": [2, 38, 39, 40, 41, 42, 43, 44, 45, 49, 50, 52, 53, 54, 55, 57, 58, 61, 62, 64, 65, 66, 67, 70, 71, 73, 84, 90, 91, 92, 94, 97, 98, 100, 107, 108, 109, 110, 111, 112, 114, 115, 117, 118, 119, 120, 121, 122, 123, 125, 127, 133, 134, 135, 137, 139, 145, 146, 148, 149, 151, 153, 159, 160, 161, 163, 165, 166, 167, 169, 170, 171, 172, 173, 174, 177, 178, 179, 180, 181, 182, 188, 189, 190, 191, 192, 198, 199, 201, 205, 206, 207, 209, 212, 213, 214, 221, 222, 223, 225, 226, 230, 231, 232, 235, 236, 237, 244, 245, 246, 247, 249, 250, 252, 258, 259, 260, 262, 263, 266, 267, 268, 270, 273, 274, 275, 277, 280, 281, 282, 284, 285, 288, 289, 290, 292, 294, 295, 296, 297, 299, 300, 302, 304, 306, 307, 309, 310, 311, 312, 313, 314, 315, 317, 318, 319, 321, 322, 323, 324, 325, 326, 327, 328, 329, 330, 331, 333, 334, 352, 353, 354, 355, 356, 369, 370, 375, 376, 377, 378, 380, 381, 383, 384, 395, 396, 415, 416, 449, 450, 471, 472, 489, 490, 502, 504, 505, 507, 508, 510, 512, 513, 533, 534, 535, 537, 565, 608, 640, 678, 689], "summary": {"covered_lines": 209, "num_statements": 308, "percent_covered": 67.85714285714286, "percent_covered_display": "68", "missing_lines": 99, "excluded_lines": 0}, "missing_lines": [228, 229, 514, 515, 516, 518, 524, 525, 528, 529, 531, 532, 539, 540, 541, 544, 545, 546, 547, 549, 556, 558, 559, 561, 562, 563, 567, 568, 569, 570, 573, 576, 579, 582, 585, 588, 591, 592, 595, 598, 599, 601, 602, 603, 604, 606, 610, 611, 612, 614, 615, 617, 618, 619, 621, 622, 623, 625, 626, 630, 631, 632, 634, 635, 636, 637, 638, 642, 643, 644, 647, 648, 649, 650, 651, 654, 655, 657, 658, 660, 661, 662, 663, 666, 667, 668, 669, 671, 673, 674, 675, 679, 680, 681, 682, 684, 685, 686, 690], "excluded_lines": [], "functions": {"IntegratedStagePassGenerator.__init__": {"executed_lines": [65, 66, 67, 70, 71, 73], "summary": {"covered_lines": 6, "num_statements": 6, "percent_covered": 100.0, "percent_covered_display": "100", "missing_lines": 0, "excluded_lines": 0}, "missing_lines": [], "excluded_lines": []}, "IntegratedStagePassGenerator.run_step1_5w1h_scan": {"executed_lines": [90, 91, 92, 94, 97, 98, 100, 107, 108, 109, 110, 111, 112, 114, 115, 117, 118, 119, 120, 121, 122, 123, 125], "summary": {"covered_lines": 23, "num_statements": 23, "percent_covered": 100.0, "percent_covered_display": "100", "missing_lines": 0, "excluded_lines": 0}, "missing_lines": [], "excluded_lines": []}, "IntegratedStagePassGenerator.run_step2_session_log": {"executed_lines": [133, 134, 135, 137, 139, 145, 146, 148, 149, 151], "summary": {"covered_lines": 10, "num_statements": 10, "percent_covered": 100.0, "percent_covered_display": "100", "missing_lines": 0, "excluded_lines": 0}, "missing_lines": [], "excluded_lines": []}, "IntegratedStagePassGenerator.run_step2b_confidence_format": {"executed_lines": [159, 160, 161, 163, 165, 166, 167, 169, 170, 171, 172, 173, 174, 177, 178, 179, 180, 181, 182, 188, 189, 190, 191, 192, 198, 199], "summary": {"covered_lines": 26, "num_statements": 26, "percent_covered": 100.0, "percent_covered_display": "100", "missing_lines": 0, "excluded_lines": 0}, "missing_lines": [], "excluded_lines": []}, "IntegratedStagePassGenerator.run_step3_pytest_evidence": {"executed_lines": [205, 206, 207, 209, 212, 213, 214, 221, 222, 223, 225, 226, 230, 231, 232, 235, 236, 237, 244, 245, 246, 247, 249, 250], "summary": {"covered_lines": 24, "num_statements": 26, "percent_covered": 92.3076923076923, "percent_covered_display": "92", "missing_lines": 2, "excluded_lines": 0}, "missing_lines": [228, 229], "excluded_lines": []}, "IntegratedStagePassGenerator.run_step4_confidence": {"executed_lines": [258, 259, 260, 262, 263, 266, 267, 268, 270, 273, 274, 275, 277, 280, 281, 282, 284, 285, 288, 289, 290, 292, 294, 295, 296, 297, 299, 300, 302], "summary": {"covered_lines": 29, "num_statements": 29, "percent_covered": 100.0, "percent_covered_display": "100", "missing_lines": 0, "excluded_lines": 0}, "missing_lines": [], "excluded_lines": []}, "IntegratedStagePassGenerator.generate_markdown": {"executed_lines": [306, 307, 309, 310, 311, 312, 313, 314, 315, 317, 318, 319, 321, 322, 323, 324, 325, 326, 327, 328, 329, 330, 331], "summary": {"covered_lines": 23, "num_statements": 23, "percent_covered": 100.0, "percent_covered_display": "100", "missing_lines": 0, "excluded_lines": 0}, "missing_lines": [], "excluded_lines": []}, "IntegratedStagePassGenerator._md_header": {"executed_lines": [334], "summary": {"covered_lines": 1, "num_statements": 1, "percent_covered": 100.0, "percent_covered_display": "100", "missing_lines": 0, "excluded_lines": 0}, "missing_lines": [], "excluded_lines": []}, "IntegratedStagePassGenerator._md_5w1h": {"executed_lines": [353, 354, 355, 356], "summary": {"covered_lines": 4, "num_statements": 4, "percent_covered": 100.0, "percent_covered_display": "100", "missing_lines": 0, "excluded_lines": 0}, "missing_lines": [], "excluded_lines": []}, "IntegratedStagePassGenerator._md_issues": {"executed_lines": [370, 375, 376, 377, 378, 380, 381], "summary": {"covered_lines": 7, "num_statements": 7, "percent_covered": 100.0, "percent_covered_display": "100", "missing_lines": 0, "excluded_lines": 0}, "missing_lines": [], "excluded_lines": []}, "IntegratedStagePassGenerator._md_artifacts": {"executed_lines": [384], "summary": {"covered_lines": 1, "num_statements": 1, "percent_covered": 100.0, "percent_covered_display": "100", "missing_lines": 0, "excluded_lines": 0}, "missing_lines": [], "excluded_lines": []}, "IntegratedStagePassGenerator._md_agent_a": {"executed_lines": [396], "summary": {"covered_lines": 1, "num_statements": 1, "percent_covered": 100.0, "percent_covered_display": "100", "missing_lines": 0, "excluded_lines": 0}, "missing_lines": [], "excluded_lines": []}, "IntegratedStagePassGenerator._md_agent_b": {"executed_lines": [416], "summary": {"covered_lines": 1, "num_statements": 1, "percent_covered": 100.0, "percent_covered_display": "100", "missing_lines": 0, "excluded_lines": 0}, "missing_lines": [], "excluded_lines": []}, "IntegratedStagePassGenerator._md_challenges": {"executed_lines": [450], "summary": {"covered_lines": 1, "num_statements": 1, "percent_covered": 100.0, "percent_covered_display": "100", "missing_lines": 0, "excluded_lines": 0}, "missing_lines": [], "excluded_lines": []}, "IntegratedStagePassGenerator._md_appendix": {"executed_lines": [472], "summary": {"covered_lines": 1, "num_statements": 1, "percent_covered": 100.0, "percent_covered_display": "100", "missing_lines": 0, "excluded_lines": 0}, "missing_lines": [], "excluded_lines": []}, "IntegratedStagePassGenerator._md_signoff": {"executed_lines": [490], "summary": {"covered_lines": 1, "num_statements": 1, "percent_covered": 100.0, "percent_covered_display": "100", "missing_lines": 0, "excluded_lines": 0}, "missing_lines": [], "excluded_lines": []}, "IntegratedStagePassGenerator.git_push": {"executed_lines": [504, 505, 507, 508, 510, 512, 513, 533, 534, 535], "summary": {"covered_lines": 10, "num_statements": 20, "percent_covered": 50.0, "percent_covered_display": "50", "missing_lines": 10, "excluded_lines": 0}, "missing_lines": [514, 515, 516, 518, 524, 525, 528, 529, 531, 532], "excluded_lines": []}, "IntegratedStagePassGenerator._log_to_development_log": {"executed_lines": [], "summary": {"covered_lines": 0, "num_statements": 14, "percent_covered": 0.0, "percent_covered_display": "0", "missing_lines": 14, "excluded_lines": 0}, "missing_lines": [539, 540, 541, 544, 545, 546, 547, 549, 556, 558, 559, 561, 562, 563], "excluded_lines": []}, "IntegratedStagePassGenerator.run": {"executed_lines": [], "summary": {"covered_lines": 0, "num_statements": 20, "percent_covered": 0.0, "percent_covered_display": "0", "missing_lines": 20, "excluded_lines": 0}, "missing_lines": [567, 568, 569, 570, 573, 576, 579, 582, 585, 588, 591, 592, 595, 598, 599, 601, 602, 603, 604, 606], "excluded_lines": []}, "IntegratedStagePassGenerator.run_step6_sab_generation": {"executed_lines": [], "summary": {"covered_lines": 0, "num_statements": 21, "percent_covered": 0.0, "percent_covered_display": "0", "missing_lines": 21, "excluded_lines": 0}, "missing_lines": [610, 611, 612, 614, 615, 617, 618, 619, 621, 622, 623, 625, 626, 630, 631, 632, 634, 635, 636, 637, 638], "excluded_lines": []}, "IntegratedStagePassGenerator.run_step5_traceability": {"executed_lines": [], "summary": {"covered_lines": 0, "num_statements": 24, "percent_covered": 0.0, "percent_covered_display": "0", "missing_lines": 24, "excluded_lines": 0}, "missing_lines": [642, 643, 644, 647, 648, 649, 650, 651, 654, 655, 657, 658, 660, 661, 662, 663, 666, 667, 668, 669, 671, 673, 674, 675], "excluded_lines": []}, "main": {"executed_lines": [], "summary": {"covered_lines": 0, "num_statements": 7, "percent_covered": 0.0, "percent_covered_display": "0", "missing_lines": 7, "excluded_lines": 0}, "missing_lines": [679, 680, 681, 682, 684, 685, 686], "excluded_lines": []}, "": {"executed_lines": [2, 38, 39, 40, 41, 42, 43, 44, 45, 49, 50, 52, 53, 54, 55, 57, 58, 61, 62, 64, 84, 127, 153, 201, 252, 304, 333, 352, 369, 383, 395, 415, 449, 471, 489, 502, 537, 565, 608, 640, 678, 689], "summary": {"covered_lines": 40, "num_statements": 41, "percent_covered": 97.5609756097561, "percent_covered_display": "98", "missing_lines": 1, "excluded_lines": 0}, "missing_lines": [690], "excluded_lines": []}}, "classes": {"IntegratedStagePassGenerator": {"executed_lines": [65, 66, 67, 70, 71, 73, 90, 91, 92, 94, 97, 98, 100, 107, 108, 109, 110, 111, 112, 114, 115, 117, 118, 119, 120, 121, 122, 123, 125, 133, 134, 135, 137, 139, 145, 146, 148, 149, 151, 159, 160, 161, 163, 165, 166, 167, 169, 170, 171, 172, 173, 174, 177, 178, 179, 180, 181, 182, 188, 189, 190, 191, 192, 198, 199, 205, 206, 207, 209, 212, 213, 214, 221, 222, 223, 225, 226, 230, 231, 232, 235, 236, 237, 244, 245, 246, 247, 249, 250, 258, 259, 260, 262, 263, 266, 267, 268, 270, 273, 274, 275, 277, 280, 281, 282, 284, 285, 288, 289, 290, 292, 294, 295, 296, 297, 299, 300, 302, 306, 307, 309, 310, 311, 312, 313, 314, 315, 317, 318, 319, 321, 322, 323, 324, 325, 326, 327, 328, 329, 330, 331, 334, 353, 354, 355, 356, 370, 375, 376, 377, 378, 380, 381, 384, 396, 416, 450, 472, 490, 504, 505, 507, 508, 510, 512, 513, 533, 534, 535], "summary": {"covered_lines": 169, "num_statements": 260, "percent_covered": 65.0, "percent_covered_display": "65", "missing_lines": 91, "excluded_lines": 0}, "missing_lines": [228, 229, 514, 515, 516, 518, 524, 525, 528, 529, 531, 532, 539, 540, 541, 544, 545, 546, 547, 549, 556, 558, 559, 561, 562, 563, 567, 568, 569, 570, 573, 576, 579, 582, 585, 588, 591, 592, 595, 598, 599, 601, 602, 603, 604, 606, 610, 611, 612, 614, 615, 617, 618, 619, 621, 622, 623, 625, 626, 630, 631, 632, 634, 635, 636, 637, 638, 642, 643, 644, 647, 648, 649, 650, 651, 654, 655, 657, 658, 660, 661, 662, 663, 666, 667, 668, 669, 671, 673, 674, 675], "excluded_lines": []}, "": {"executed_lines": [2, 38, 39, 40, 41, 42, 43, 44, 45, 49, 50, 52, 53, 54, 55, 57, 58, 61, 62, 64, 84, 127, 153, 201, 252, 304, 333, 352, 369, 383, 395, 415, 449, 471, 489, 502, 537, 565, 608, 640, 678, 689], "summary": {"covered_lines": 40, "num_statements": 48, "percent_covered": 83.33333333333333, "percent_covered_display": "83", "missing_lines": 8, "excluded_lines": 0}, "missing_lines": [679, 680, 681, 682, 684, 685, 686, 690], "excluded_lines": []}}}, "core/requirement_traceability.py": {"executed_lines": [2, 12, 13, 14, 15, 16, 17, 20, 21, 22, 23, 24, 25, 28, 29, 30, 31, 32, 33, 34, 37, 38, 39, 40, 41, 42, 43, 44, 45, 46, 48, 49, 57, 58, 59, 60, 61, 62, 63, 64, 65, 66, 68, 69, 77, 78, 79, 80, 81, 82, 83, 84, 86, 87, 94, 95, 96, 97, 98, 99, 100, 101, 102, 103, 104, 105, 106, 108, 120, 121, 123, 124, 125, 126, 127, 128, 129, 131, 132, 134, 135, 137, 139, 140, 143, 144, 145, 146, 148, 149, 152, 153, 154, 155, 157, 159, 160, 163, 164, 165, 166, 167, 169, 170, 171, 174, 176, 177, 178, 179, 180, 181, 183, 184, 185, 186, 187, 188, 190, 191, 193, 194, 208, 209, 216, 217, 224, 231, 233, 234, 235, 238, 254], "summary": {"covered_lines": 129, "num_statements": 136, "percent_covered": 94.8529411764706, "percent_covered_display": "95", "missing_lines": 7, "excluded_lines": 16}, "missing_lines": [109, 136, 172, 173, 192, 225, 226], "excluded_lines": [238, 239, 240, 241, 242, 243, 244, 245, 246, 247, 248, 249, 250, 251, 254, 255], "functions": {"Requirement.to_dict": {"executed_lines": [49], "summary": {"covered_lines": 1, "num_statements": 1, "percent_covered": 100.0, "percent_covered_display": "100", "missing_lines": 0, "excluded_lines": 0}, "missing_lines": [], "excluded_lines": []}, "CodeComponent.to_dict": {"executed_lines": [69], "summary": {"covered_lines": 1, "num_statements": 1, "percent_covered": 100.0, "percent_covered_display": "100", "missing_lines": 0, "excluded_lines": 0}, "missing_lines": [], "excluded_lines": []}, "TestCoverage.to_dict": {"executed_lines": [87], "summary": {"covered_lines": 1, "num_statements": 1, "percent_covered": 100.0, "percent_covered_display": "100", "missing_lines": 0, "excluded_lines": 0}, "missing_lines": [], "excluded_lines": []}, "TraceLink.to_dict": {"executed_lines": [], "summary": {"covered_lines": 0, "num_statements": 1, "percent_covered": 0.0, "percent_covered_display": "0", "missing_lines": 1, "excluded_lines": 0}, "missing_lines": [109], "excluded_lines": []}, "RequirementTraceability.__init__": {"executed_lines": [124, 125, 126, 127, 128, 129], "summary": {"covered_lines": 6, "num_statements": 6, "percent_covered": 100.0, "percent_covered_display": "100", "missing_lines": 0, "excluded_lines": 0}, "missing_lines": [], "excluded_lines": []}, "RequirementTraceability.add_requirement": {"executed_lines": [132, 134, 135, 137], "summary": {"covered_lines": 4, "num_statements": 5, "percent_covered": 80.0, "percent_covered_display": "80", "missing_lines": 1, "excluded_lines": 0}, "missing_lines": [136], "excluded_lines": []}, "RequirementTraceability.add_code_component": {"executed_lines": [140, 143, 144, 145, 146], "summary": {"covered_lines": 5, "num_statements": 5, "percent_covered": 100.0, "percent_covered_display": "100", "missing_lines": 0, "excluded_lines": 0}, "missing_lines": [], "excluded_lines": []}, "RequirementTraceability.add_test_coverage": {"executed_lines": [149, 152, 153, 154, 155], "summary": {"covered_lines": 5, "num_statements": 5, "percent_covered": 100.0, "percent_covered_display": "100", "missing_lines": 0, "excluded_lines": 0}, "missing_lines": [], "excluded_lines": []}, "RequirementTraceability.add_link": {"executed_lines": [159, 160, 163, 164, 165, 166, 167], "summary": {"covered_lines": 7, "num_statements": 7, "percent_covered": 100.0, "percent_covered_display": "100", "missing_lines": 0, "excluded_lines": 0}, "missing_lines": [], "excluded_lines": []}, "RequirementTraceability.get_downstream": {"executed_lines": [170, 171, 174], "summary": {"covered_lines": 3, "num_statements": 5, "percent_covered": 60.0, "percent_covered_display": "60", "missing_lines": 2, "excluded_lines": 0}, "missing_lines": [172, 173], "excluded_lines": []}, "RequirementTraceability.get_upstream": {"executed_lines": [177, 178, 179, 180, 181], "summary": {"covered_lines": 5, "num_statements": 5, "percent_covered": 100.0, "percent_covered_display": "100", "missing_lines": 0, "excluded_lines": 0}, "missing_lines": [], "excluded_lines": []}, "RequirementTraceability.verify_completeness": {"executed_lines": [184, 185, 186, 187, 188, 190, 191, 193, 194], "summary": {"covered_lines": 9, "num_statements": 10, "percent_covered": 90.0, "percent_covered_display": "90", "missing_lines": 1, "excluded_lines": 0}, "missing_lines": [192], "excluded_lines": []}, "RequirementTraceability.get_traceability_matrix": {"executed_lines": [209], "summary": {"covered_lines": 1, "num_statements": 1, "percent_covered": 100.0, "percent_covered_display": "100", "missing_lines": 0, "excluded_lines": 0}, "missing_lines": [], "excluded_lines": []}, "RequirementTraceability.export_report": {"executed_lines": [217, 224, 231], "summary": {"covered_lines": 3, "num_statements": 5, "percent_covered": 60.0, "percent_covered_display": "60", "missing_lines": 2, "excluded_lines": 0}, "missing_lines": [225, 226], "excluded_lines": []}, "RequirementTraceability.save": {"executed_lines": [234, 235], "summary": {"covered_lines": 2, "num_statements": 2, "percent_covered": 100.0, "percent_covered_display": "100", "missing_lines": 0, "excluded_lines": 0}, "missing_lines": [], "excluded_lines": []}, "main": {"executed_lines": [], "summary": {"covered_lines": 0, "num_statements": 0, "percent_covered": 100.0, "percent_covered_display": "100", "missing_lines": 0, "excluded_lines": 13}, "missing_lines": [], "excluded_lines": [239, 240, 241, 242, 243, 244, 245, 246, 247, 248, 249, 250, 251]}, "": {"executed_lines": [2, 12, 13, 14, 15, 16, 17, 20, 21, 22, 23, 24, 25, 28, 29, 30, 31, 32, 33, 34, 37, 38, 39, 40, 41, 42, 43, 44, 45, 46, 48, 57, 58, 59, 60, 61, 62, 63, 64, 65, 66, 68, 77, 78, 79, 80, 81, 82, 83, 84, 86, 94, 95, 96, 97, 98, 99, 100, 101, 102, 103, 104, 105, 106, 108, 120, 121, 123, 131, 139, 148, 157, 169, 176, 183, 208, 216, 233, 238, 254], "summary": {"covered_lines": 76, "num_statements": 76, "percent_covered": 100.0, "percent_covered_display": "100", "missing_lines": 0, "excluded_lines": 3}, "missing_lines": [], "excluded_lines": [238, 254, 255]}}, "classes": {"TraceStatus": {"executed_lines": [], "summary": {"covered_lines": 0, "num_statements": 0, "percent_covered": 100.0, "percent_covered_display": "100", "missing_lines": 0, "excluded_lines": 0}, "missing_lines": [], "excluded_lines": []}, "LinkType": {"executed_lines": [], "summary": {"covered_lines": 0, "num_statements": 0, "percent_covered": 100.0, "percent_covered_display": "100", "missing_lines": 0, "excluded_lines": 0}, "missing_lines": [], "excluded_lines": []}, "Requirement": {"executed_lines": [49], "summary": {"covered_lines": 1, "num_statements": 1, "percent_covered": 100.0, "percent_covered_display": "100", "missing_lines": 0, "excluded_lines": 0}, "missing_lines": [], "excluded_lines": []}, "CodeComponent": {"executed_lines": [69], "summary": {"covered_lines": 1, "num_statements": 1, "percent_covered": 100.0, "percent_covered_display": "100", "missing_lines": 0, "excluded_lines": 0}, "missing_lines": [], "excluded_lines": []}, "TestCoverage": {"executed_lines": [87], "summary": {"covered_lines": 1, "num_statements": 1, "percent_covered": 100.0, "percent_covered_display": "100", "missing_lines": 0, "excluded_lines": 0}, "missing_lines": [], "excluded_lines": []}, "TraceLink": {"executed_lines": [], "summary": {"covered_lines": 0, "num_statements": 1, "percent_covered": 0.0, "percent_covered_display": "0", "missing_lines": 1, "excluded_lines": 0}, "missing_lines": [109], "excluded_lines": []}, "RequirementTraceability": {"executed_lines": [124, 125, 126, 127, 128, 129, 132, 134, 135, 137, 140, 143, 144, 145, 146, 149, 152, 153, 154, 155, 159, 160, 163, 164, 165, 166, 167, 170, 171, 174, 177, 178, 179, 180, 181, 184, 185, 186, 187, 188, 190, 191, 193, 194, 209, 217, 224, 231, 234, 235], "summary": {"covered_lines": 50, "num_statements": 56, "percent_covered": 89.28571428571429, "percent_covered_display": "89", "missing_lines": 6, "excluded_lines": 0}, "missing_lines": [136, 172, 173, 192, 225, 226], "excluded_lines": []}, "": {"executed_lines": [2, 12, 13, 14, 15, 16, 17, 20, 21, 22, 23, 24, 25, 28, 29, 30, 31, 32, 33, 34, 37, 38, 39, 40, 41, 42, 43, 44, 45, 46, 48, 57, 58, 59, 60, 61, 62, 63, 64, 65, 66, 68, 77, 78, 79, 80, 81, 82, 83, 84, 86, 94, 95, 96, 97, 98, 99, 100, 101, 102, 103, 104, 105, 106, 108, 120, 121, 123, 131, 139, 148, 157, 169, 176, 183, 208, 216, 233, 238, 254], "summary": {"covered_lines": 76, "num_statements": 76, "percent_covered": 100.0, "percent_covered_display": "100", "missing_lines": 0, "excluded_lines": 16}, "missing_lines": [], "excluded_lines": [238, 239, 240, 241, 242, 243, 244, 245, 246, 247, 248, 249, 250, 251, 254, 255]}}}, "core/sessions_spawn_logger.py": {"executed_lines": [4, 5, 6, 7, 10, 11, 15, 17, 18, 19, 20, 22, 23, 24, 26, 27, 28, 29, 30, 31, 32, 33, 34, 35, 36, 37, 38, 39, 40, 41, 43, 44, 45, 47, 51, 52, 54, 55, 56, 57, 58, 59, 61, 62, 63, 64, 65, 66, 67, 68, 69, 70, 72, 74, 75, 76, 77, 78, 79, 80, 81, 82, 83, 84, 85, 86, 87, 88, 89, 90, 92, 94, 95, 96, 97, 98, 99, 100, 101, 102, 103, 104, 105, 106, 107, 112, 115, 116], "summary": {"covered_lines": 87, "num_statements": 87, "percent_covered": 100.0, "percent_covered_display": "100", "missing_lines": 0, "excluded_lines": 0}, "missing_lines": [], "excluded_lines": [], "functions": {"SessionsSpawnLogger.__init__": {"executed_lines": [18, 19, 20], "summary": {"covered_lines": 3, "num_statements": 3, "percent_covered": 100.0, "percent_covered_display": "100", "missing_lines": 0, "excluded_lines": 0}, "missing_lines": [], "excluded_lines": []}, "SessionsSpawnLogger._ensure_initialized": {"executed_lines": [23, 24], "summary": {"covered_lines": 2, "num_statements": 2, "percent_covered": 100.0, "percent_covered_display": "100", "missing_lines": 0, "excluded_lines": 0}, "missing_lines": [], "excluded_lines": []}, "SessionsSpawnLogger._read_entries": {"executed_lines": [27, 28, 29, 30, 31, 32, 33, 34, 35, 36, 37, 38, 39, 40, 41], "summary": {"covered_lines": 15, "num_statements": 15, "percent_covered": 100.0, "percent_covered_display": "100", "missing_lines": 0, "excluded_lines": 0}, "missing_lines": [], "excluded_lines": []}, "SessionsSpawnLogger._write_entries": {"executed_lines": [44, 45], "summary": {"covered_lines": 2, "num_statements": 2, "percent_covered": 100.0, "percent_covered_display": "100", "missing_lines": 0, "excluded_lines": 0}, "missing_lines": [], "excluded_lines": []}, "SessionsSpawnLogger.log_spawn": {"executed_lines": [51, 52, 54, 55, 56, 57, 58, 59], "summary": {"covered_lines": 8, "num_statements": 8, "percent_covered": 100.0, "percent_covered_display": "100", "missing_lines": 0, "excluded_lines": 0}, "missing_lines": [], "excluded_lines": []}, "SessionsSpawnLogger.log_update": {"executed_lines": [62, 63, 64, 65, 66, 67, 68, 69, 70], "summary": {"covered_lines": 9, "num_statements": 9, "percent_covered": 100.0, "percent_covered_display": "100", "missing_lines": 0, "excluded_lines": 0}, "missing_lines": [], "excluded_lines": []}, "SessionsSpawnLogger.validate": {"executed_lines": [74, 75, 76, 77, 78, 79, 80, 81, 82, 83, 84, 85, 86, 87, 88, 89, 90], "summary": {"covered_lines": 17, "num_statements": 17, "percent_covered": 100.0, "percent_covered_display": "100", "missing_lines": 0, "excluded_lines": 0}, "missing_lines": [], "excluded_lines": []}, "SessionsSpawnLogger.get_summary": {"executed_lines": [94, 95, 96, 97, 98, 99, 100, 101, 102, 103, 104, 105, 106, 107], "summary": {"covered_lines": 14, "num_statements": 14, "percent_covered": 100.0, "percent_covered_display": "100", "missing_lines": 0, "excluded_lines": 0}, "missing_lines": [], "excluded_lines": []}, "log_spawn_event": {"executed_lines": [115, 116], "summary": {"covered_lines": 2, "num_statements": 2, "percent_covered": 100.0, "percent_covered_display": "100", "missing_lines": 0, "excluded_lines": 0}, "missing_lines": [], "excluded_lines": []}, "": {"executed_lines": [4, 5, 6, 7, 10, 11, 15, 17, 22, 26, 43, 47, 61, 72, 92, 112], "summary": {"covered_lines": 15, "num_statements": 15, "percent_covered": 100.0, "percent_covered_display": "100", "missing_lines": 0, "excluded_lines": 0}, "missing_lines": [], "excluded_lines": []}}, "classes": {"SessionsSpawnLogger": {"executed_lines": [18, 19, 20, 23, 24, 27, 28, 29, 30, 31, 32, 33, 34, 35, 36, 37, 38, 39, 40, 41, 44, 45, 51, 52, 54, 55, 56, 57, 58, 59, 62, 63, 64, 65, 66, 67, 68, 69, 70, 74, 75, 76, 77, 78, 79, 80, 81, 82, 83, 84, 85, 86, 87, 88, 89, 90, 94, 95, 96, 97, 98, 99, 100, 101, 102, 103, 104, 105, 106, 107], "summary": {"covered_lines": 70, "num_statements": 70, "percent_covered": 100.0, "percent_covered_display": "100", "missing_lines": 0, "excluded_lines": 0}, "missing_lines": [], "excluded_lines": []}, "": {"executed_lines": [4, 5, 6, 7, 10, 11, 15, 17, 22, 26, 43, 47, 61, 72, 92, 112, 115, 116], "summary": {"covered_lines": 17, "num_statements": 17, "percent_covered": 100.0, "percent_covered_display": "100", "missing_lines": 0, "excluded_lines": 0}, "missing_lines": [], "excluded_lines": []}}}, "core/subagent_isolator.py": {"executed_lines": [2, 14, 15, 16, 17, 18, 19, 22, 23, 24, 25, 26, 27, 28, 30, 32, 35, 36, 37, 42, 43, 44, 45, 46, 47, 48, 50, 51, 52, 53, 55, 57, 71, 72, 73, 76, 77, 78, 81, 82, 105, 106, 107, 109, 130, 138, 139, 141, 148, 153, 154, 159, 166, 167, 168, 169, 175, 182, 183, 189, 215, 216, 217, 218, 220, 222, 224, 226, 228, 230, 235, 255, 256, 257, 258, 259, 261, 262], "summary": {"covered_lines": 72, "num_statements": 72, "percent_covered": 100.0, "percent_covered_display": "100", "missing_lines": 0, "excluded_lines": 0}, "missing_lines": [], "excluded_lines": [], "functions": {"ArtifactSpec.exists": {"executed_lines": [32], "summary": {"covered_lines": 1, "num_statements": 1, "percent_covered": 100.0, "percent_covered_display": "100", "missing_lines": 0, "excluded_lines": 0}, "missing_lines": [], "excluded_lines": []}, "SubagentContext.__post_init__": {"executed_lines": [51, 52, 53], "summary": {"covered_lines": 3, "num_statements": 3, "percent_covered": 100.0, "percent_covered_display": "100", "missing_lines": 0, "excluded_lines": 0}, "missing_lines": [], "excluded_lines": []}, "SubagentContext.to_spawn_config": {"executed_lines": [57], "summary": {"covered_lines": 1, "num_statements": 1, "percent_covered": 100.0, "percent_covered_display": "100", "missing_lines": 0, "excluded_lines": 0}, "missing_lines": [], "excluded_lines": []}, "SubagentIsolator.__init__": {"executed_lines": [106, 107], "summary": {"covered_lines": 2, "num_statements": 2, "percent_covered": 100.0, "percent_covered_display": "100", "missing_lines": 0, "excluded_lines": 0}, "missing_lines": [], "excluded_lines": []}, "SubagentIsolator.create_context": {"executed_lines": [130, 138, 139], "summary": {"covered_lines": 3, "num_statements": 3, "percent_covered": 100.0, "percent_covered_display": "100", "missing_lines": 0, "excluded_lines": 0}, "missing_lines": [], "excluded_lines": []}, "SubagentIsolator.validate": {"executed_lines": [148, 153, 154], "summary": {"covered_lines": 3, "num_statements": 3, "percent_covered": 100.0, "percent_covered_display": "100", "missing_lines": 0, "excluded_lines": 0}, "missing_lines": [], "excluded_lines": []}
[...]
_lines": 4, "num_statements": 4, "percent_covered": 100.0, "percent_covered_display": "100", "missing_lines": 0, "excluded_lines": 0}, "missing_lines": [], "excluded_lines": []}, "StateManager._state_to_dict": {"executed_lines": [93], "summary": {"covered_lines": 1, "num_statements": 1, "percent_covered": 100.0, "percent_covered_display": "100", "missing_lines": 0, "excluded_lines": 0}, "missing_lines": [], "excluded_lines": []}, "StateManager._dict_to_state": {"executed_lines": [105, 107, 115], "summary": {"covered_lines": 3, "num_statements": 3, "percent_covered": 100.0, "percent_covered_display": "100", "missing_lines": 0, "excluded_lines": 0}, "missing_lines": [], "excluded_lines": []}, "StateManager._dict_to_state.parse_dt": {"executed_lines": [109, 110, 111, 113], "summary": {"covered_lines": 4, "num_statements": 5, "percent_covered": 80.0, "percent_covered_display": "80", "missing_lines": 1, "excluded_lines": 0}, "missing_lines": [112], "excluded_lines": []}, "": {"executed_lines": [1, 7, 8, 9, 10, 11, 12, 14, 15, 16, 18, 20, 23, 24, 26, 33, 39, 50, 74, 85, 92, 104], "summary": {"covered_lines": 20, "num_statements": 20, "percent_covered": 100.0, "percent_covered_display": "100", "missing_lines": 0, "excluded_lines": 0}, "missing_lines": [], "excluded_lines": []}}, "classes": {"StateManager": {"executed_lines": [28, 29, 30, 31, 34, 35, 41, 42, 43, 44, 45, 46, 47, 48, 52, 53, 54, 55, 56, 57, 58, 59, 60, 64, 65, 66, 67, 70, 72, 76, 77, 78, 79, 80, 81, 87, 88, 89, 90, 93, 105, 107, 109, 110, 111, 113, 115], "summary": {"covered_lines": 47, "num_statements": 58, "percent_covered": 81.03448275862068, "percent_covered_display": "81", "missing_lines": 11, "excluded_lines": 0}, "missing_lines": [36, 37, 61, 62, 63, 68, 69, 71, 82, 83, 112], "excluded_lines": []}, "": {"executed_lines": [1, 7, 8, 9, 10, 11, 12, 14, 15, 16, 18, 20, 23, 24, 26, 33, 39, 50, 74, 85, 92, 104], "summary": {"covered_lines": 20, "num_statements": 20, "percent_covered": 100.0, "percent_covered_display": "100", "missing_lines": 0, "excluded_lines": 0}, "missing_lines": [], "excluded_lines": []}}}, "steering/integrations.py": {"executed_lines": [2, 22, 23, 24, 26, 33, 34, 35, 48, 49, 50, 51, 54, 55, 56, 57, 60, 61, 62, 63, 64, 65, 66, 67, 74, 75, 84, 91, 92, 93, 95, 110, 111, 112, 115, 117, 118, 119, 120, 122, 123, 126, 127, 128, 131, 137, 154, 155, 164, 170, 171, 173, 188, 189, 190, 193, 194, 195, 197, 205, 208, 209, 210, 212, 215, 216, 220, 221, 223, 224, 227, 228, 229, 231, 233, 235, 247, 248, 249, 250, 257, 258, 268, 273, 275, 285, 287, 289, 290, 292, 293, 295, 296, 297, 298, 299, 300, 301, 303, 305, 311, 321, 322, 323, 325, 326, 328, 330, 332, 333, 334, 341, 342, 343, 358, 359, 360, 362, 379, 380, 382, 383, 385, 386, 388, 390, 391, 405, 406, 408, 409, 411, 412, 414, 421, 422, 428, 438, 439, 442, 443, 444, 446, 447, 449, 450, 452, 453, 460, 475, 477, 480, 481, 482, 484, 485, 491, 492, 493, 494, 504, 505, 511, 520, 522, 523, 528, 530, 531, 535, 538, 543, 545, 551, 552, 553, 554, 558, 562, 564, 566, 568, 569, 570, 571, 573, 577], "summary": {"covered_lines": 179, "num_statements": 200, "percent_covered": 89.5, "percent_covered_display": "90", "missing_lines": 21, "excluded_lines": 0}, "missing_lines": [327, 454, 455, 458, 483, 495, 496, 499, 500, 503, 512, 513, 514, 515, 516, 517, 518, 547, 548, 559, 560], "excluded_lines": [], "functions": {"SteeringBVSIntegrator.__init__": {"executed_lines": [91, 92, 93], "summary": {"covered_lines": 3, "num_statements": 3, "percent_covered": 100.0, "percent_covered_display": "100", "missing_lines": 0, "excluded_lines": 0}, "missing_lines": [], "excluded_lines": []}, "SteeringBVSIntegrator.check_phase_invariants": {"executed_lines": [110, 111, 112, 115, 117, 118, 119, 120, 122, 123, 126, 127, 128, 131, 137], "summary": {"covered_lines": 15, "num_statements": 15, "percent_covered": 100.0, "percent_covered_display": "100", "missing_lines": 0, "excluded_lines": 0}, "missing_lines": [], "excluded_lines": []}, "SteeringConstitutionIntegrator.__init__": {"executed_lines": [170, 171], "summary": {"covered_lines": 2, "num_statements": 2, "percent_covered": 100.0, "percent_covered_display": "100", "missing_lines": 0, "excluded_lines": 0}, "missing_lines": [], "excluded_lines": []}, "SteeringConstitutionIntegrator.check_output_compliance": {"executed_lines": [188, 189, 190, 193, 194, 195, 197, 205, 208, 209, 210, 212, 215, 216, 220, 221, 223, 224, 227, 228, 229, 231, 233, 235], "summary": {"covered_lines": 24, "num_statements": 24, "percent_covered": 100.0, "percent_covered_display": "100", "missing_lines": 0, "excluded_lines": 0}, "missing_lines": [], "excluded_lines": []}, "SteeringConstitutionIntegrator._extract_text": {"executed_lines": [248, 249, 250], "summary": {"covered_lines": 3, "num_statements": 3, "percent_covered": 100.0, "percent_covered_display": "100", "missing_lines": 0, "excluded_lines": 0}, "missing_lines": [], "excluded_lines": []}, "SteeringCQGIntegrator.__init__": {"executed_lines": [273], "summary": {"covered_lines": 1, "num_statements": 1, "percent_covered": 100.0, "percent_covered_display": "100", "missing_lines": 0, "excluded_lines": 0}, "missing_lines": [], "excluded_lines": []}, "SteeringCQGIntegrator.measure_code_quality": {"executed_lines": [285, 287, 289, 290, 292, 293, 295, 296, 297, 298, 299, 300, 301, 303, 305], "summary": {"covered_lines": 15, "num_statements": 15, "percent_covered": 100.0, "percent_covered_display": "100", "missing_lines": 0, "excluded_lines": 0}, "missing_lines": [], "excluded_lines": []}, "SteeringCQGIntegrator.integrate_cqg_into_steering_score": {"executed_lines": [321, 322, 323], "summary": {"covered_lines": 3, "num_statements": 3, "percent_covered": 100.0, "percent_covered_display": "100", "missing_lines": 0, "excluded_lines": 0}, "missing_lines": [], "excluded_lines": []}, "SteeringCQGIntegrator._extract_text": {"executed_lines": [326, 328], "summary": {"covered_lines": 2, "num_statements": 3, "percent_covered": 66.66666666666667, "percent_covered_display": "67", "missing_lines": 1, "excluded_lines": 0}, "missing_lines": [327], "excluded_lines": []}, "SteeringCQGIntegrator._extract_code_blocks": {"executed_lines": [332, 333, 334], "summary": {"covered_lines": 3, "num_statements": 3, "percent_covered": 100.0, "percent_covered_display": "100", "missing_lines": 0, "excluded_lines": 0}, "missing_lines": [], "excluded_lines": []}, "HR12Resolution.should_stop": {"executed_lines": [379, 380, 382, 383, 385, 386, 388], "summary": {"covered_lines": 7, "num_statements": 7, "percent_covered": 100.0, "percent_covered_display": "100", "missing_lines": 0, "excluded_lines": 0}, "missing_lines": [], "excluded_lines": []}, "HR12Resolution.resolve": {"executed_lines": [405, 406, 408, 409, 411, 412, 414], "summary": {"covered_lines": 7, "num_statements": 7, "percent_covered": 100.0, "percent_covered_display": "100", "missing_lines": 0, "excluded_lines": 0}, "missing_lines": [], "excluded_lines": []}, "SteeringIntegrator.__init__": {"executed_lines": [438, 439, 442, 443, 444, 446, 447], "summary": {"covered_lines": 7, "num_statements": 7, "percent_covered": 100.0, "percent_covered_display": "100", "missing_lines": 0, "excluded_lines": 0}, "missing_lines": [], "excluded_lines": []}, "SteeringIntegrator.bvs_integrator": {"executed_lines": [452, 453], "summary": {"covered_lines": 2, "num_statements": 5, "percent_covered": 40.0, "percent_covered_display": "40", "missing_lines": 3, "excluded_lines": 0}, "missing_lines": [454, 455, 458], "excluded_lines": []}, "SteeringIntegrator.iterate_with_full_check": {"executed_lines": [475, 477, 480, 481, 482, 484, 485, 491, 492, 493, 494, 504, 505, 511, 520], "summary": {"covered_lines": 15, "num_statements": 28, "percent_covered": 53.57142857142857, "percent_covered_display": "54", "missing_lines": 13, "excluded_lines": 0}, "missing_lines": [483, 495, 496, 499, 500, 503, 512, 513, 514, 515, 516, 517, 518], "excluded_lines": []}, "SteeringIntegrator.should_continue": {"executed_lines": [528, 530, 531, 535, 538, 543, 545, 551, 552, 553, 554, 558, 562], "summary": {"covered_lines": 13, "num_statements": 17, "percent_covered": 76.47058823529412, "percent_covered_display": "76", "missing_lines": 4, "excluded_lines": 0}, "missing_lines": [547, 548, 559, 560], "excluded_lines": []}, "SteeringIntegrator.get_full_summary": {"executed_lines": [566, 568, 569, 570, 571, 573, 577], "summary": {"covered_lines": 7, "num_statements": 7, "percent_covered": 100.0, "percent_covered_display": "100", "missing_lines": 0, "excluded_lines": 0}, "missing_lines": [], "excluded_lines": []}, "": {"executed_lines": [2, 22, 23, 24, 26, 33, 34, 35, 48, 49, 50, 51, 54, 55, 56, 57, 60, 61, 62, 63, 64, 65, 66, 67, 74, 75, 84, 95, 154, 155, 164, 173, 247, 257, 258, 268, 275, 311, 325, 330, 341, 342, 343, 358, 359, 360, 362, 390, 391, 421, 422, 428, 449, 450, 460, 522, 523, 564], "summary": {"covered_lines": 50, "num_statements": 50, "percent_covered": 100.0, "percent_covered_display": "100", "missing_lines": 0, "excluded_lines": 0}, "missing_lines": [], "excluded_lines": []}}, "classes": {"HRConstraints": {"executed_lines": [], "summary": {"covered_lines": 0, "num_statements": 0, "percent_covered": 100.0, "percent_covered_display": "100", "missing_lines": 0, "excluded_lines": 0}, "missing_lines": [], "excluded_lines": []}, "IntegrationResult": {"executed_lines": [], "summary": {"covered_lines": 0, "num_statements": 0, "percent_covered": 100.0, "percent_covered_display": "100", "missing_lines": 0, "excluded_lines": 0}, "missing_lines": [], "excluded_lines": []}, "SteeringBVSIntegrator": {"executed_lines": [91, 92, 93, 110, 111, 112, 115, 117, 118, 119, 120, 122, 123, 126, 127, 128, 131, 137], "summary": {"covered_lines": 18, "num_statements": 18, "percent_covered": 100.0, "percent_covered_display": "100", "missing_lines": 0, "excluded_lines": 0}, "missing_lines": [], "excluded_lines": []}, "SteeringConstitutionIntegrator": {"executed_lines": [170, 171, 188, 189, 190, 193, 194, 195, 197, 205, 208, 209, 210, 212, 215, 216, 220, 221, 223, 224, 227, 228, 229, 231, 233, 235, 248, 249, 250], "summary": {"covered_lines": 29, "num_statements": 29, "percent_covered": 100.0, "percent_covered_display": "100", "missing_lines": 0, "excluded_lines": 0}, "missing_lines": [], "excluded_lines": []}, "SteeringCQGIntegrator": {"executed_lines": [273, 285, 287, 289, 290, 292, 293, 295, 296, 297, 298, 299, 300, 301, 303, 305, 321, 322, 323, 326, 328, 332, 333, 334], "summary": {"covered_lines": 24, "num_statements": 25, "percent_covered": 96.0, "percent_covered_display": "96", "missing_lines": 1, "excluded_lines": 0}, "missing_lines": [327], "excluded_lines": []}, "HR12Resolution": {"executed_lines": [379, 380, 382, 383, 385, 386, 388, 405, 406, 408, 409, 411, 412, 414], "summary": {"covered_lines": 14, "num_statements": 14, "percent_covered": 100.0, "percent_covered_display": "100", "missing_lines": 0, "excluded_lines": 0}, "missing_lines": [], "excluded_lines": []}, "SteeringIntegrator": {"executed_lines": [438, 439, 442, 443, 444, 446, 447, 452, 453, 475, 477, 480, 481, 482, 484, 485, 491, 492, 493, 494, 504, 505, 511, 520, 528, 530, 531, 535, 538, 543, 545, 551, 552, 553, 554, 558, 562, 566, 568, 569, 570, 571, 573, 577], "summary": {"covered_lines": 44, "num_statements": 64, "percent_covered": 68.75, "percent_covered_display": "69", "missing_lines": 20, "excluded_lines": 0}, "missing_lines": [454, 455, 458, 483, 495, 496, 499, 500, 503, 512, 513, 514, 515, 516, 517, 518, 547, 548, 559, 560], "excluded_lines": []}, "": {"executed_lines": [2, 22, 23, 24, 26, 33, 34, 35, 48, 49, 50, 51, 54, 55, 56, 57, 60, 61, 62, 63, 64, 65, 66, 67, 74, 75, 84, 95, 154, 155, 164, 173, 247, 257, 258, 268, 275, 311, 325, 330, 341, 342, 343, 358, 359, 360, 362, 390, 391, 421, 422, 428, 449, 450, 460, 522, 523, 564], "summary": {"covered_lines": 50, "num_statements": 50, "percent_covered": 100.0, "percent_covered_display": "100", "missing_lines": 0, "excluded_lines": 0}, "missing_lines": [], "excluded_lines": []}}}, "steering/steering_loop.py": {"executed_lines": [2, 18, 19, 20, 21, 22, 25, 26, 27, 28, 29, 32, 33, 34, 35, 36, 37, 38, 41, 42, 43, 44, 45, 46, 47, 48, 49, 50, 51, 54, 55, 56, 57, 58, 59, 60, 61, 62, 74, 75, 82, 100, 115, 117, 119, 126, 127, 129, 130, 131, 132, 133, 134, 135, 136, 138, 142, 144, 153, 155, 156, 157, 158, 159, 160, 167, 172, 173, 174, 175, 176, 177, 178, 185, 187, 188, 189, 196, 197, 212, 219, 220, 221, 223, 224, 225, 226, 228, 243, 246, 249, 250, 251, 254, 255, 258, 259, 262, 263, 264, 266, 267, 275, 280, 282, 293, 294, 296, 298, 310, 312, 313, 315, 316, 318, 320, 321, 325, 326, 327, 329, 331, 339, 341, 342, 343, 344, 345, 348, 351, 354, 356, 358, 360, 361, 362, 363, 365, 367, 373, 374, 376, 377, 379, 381, 382, 383, 384, 385, 387, 401, 402, 403, 405, 407, 416, 431, 433, 434, 435, 437, 438, 439, 441], "summary": {"covered_lines": 157, "num_statements": 157, "percent_covered": 100.0, "percent_covered_display": "100", "missing_lines": 0, "excluded_lines": 0}, "missing_lines": [], "excluded_lines": [], "functions": {"LLMJudgeScorer.__init__": {"executed_lines": [117], "summary": {"covered_lines": 1, "num_statements": 1, "percent_covered": 100.0, "percent_covered_display": "100", "missing_lines": 0, "excluded_lines": 0}, "missing_lines": [], "excluded_lines": []}, "LLMJudgeScorer.score": {"executed_lines": [126, 127, 129, 130, 131, 132, 133, 134, 135, 136, 138, 142], "summary": {"covered_lines": 12, "num_statements": 12, "percent_covered": 100.0, "percent_covered_display": "100", "missing_lines": 0, "excluded_lines": 0}, "missing_lines": [], "excluded_lines": []}, "LLMJudgeScorer.generate_feedback": {"executed_lines": [153, 155, 156, 157, 158, 159, 160, 167, 172, 173, 174, 175, 176, 177, 178], "summary": {"covered_lines": 15, "num_statements": 15, "percent_covered": 100.0, "percent_covered_display": "100", "missing_lines": 0, "excluded_lines": 0}, "missing_lines": [], "excluded_lines": []}, "LLMJudgeScorer._extract_text": {"executed_lines": [187, 188, 189], "summary": {"covered_lines": 3, "num_statements": 3, "percent_covered": 100.0, "percent_covered_display": "100", "missing_lines": 0, "excluded_lines": 0}, "missing_lines": [], "excluded_lines": []}, "SteeringLoop.__init__": {"executed_lines": [219, 220, 221, 223, 224, 225, 226], "summary": {"covered_lines": 7, "num_statements": 7, "percent_covered": 100.0, "percent_covered_display": "100", "missing_lines": 0, "excluded_lines": 0}, "missing_lines": [], "excluded_lines": []}, "SteeringLoop.iterate": {"executed_lines": [243, 246, 249, 250, 251, 254, 255, 258, 259, 262, 263, 264, 266, 267, 275, 280, 282, 293, 294, 296], "summary": {"covered_lines": 20, "num_statements": 20, "percent_covered": 100.0, "percent_covered_display": "100", "missing_lines": 0, "excluded_lines": 0}, "missing_lines": [], "excluded_lines": []}, "SteeringLoop.should_continue": {"executed_lines": [310, 312, 313, 315, 316, 318, 320, 321, 325, 326, 327, 329], "summary": {"covered_lines": 12, "num_statements": 12, "percent_covered": 100.0, "percent_covered_display": "100", "missing_lines": 0, "excluded_lines": 0}, "missing_lines": [], "excluded_lines": []}, "SteeringLoop._compute_weighted_score": {"executed_lines": [339, 341, 342, 343, 344, 345, 348, 351, 354, 356], "summary": {"covered_lines": 10, "num_statements": 10, "percent_covered": 100.0, "percent_covered_display": "100", "missing_lines": 0, "excluded_lines": 0}, "missing_lines": [], "excluded_lines": []}, "SteeringLoop._update_stage": {"executed_lines": [360, 361, 362, 363, 365], "summary": {"covered_lines": 5, "num_statements": 5, "percent_covered": 100.0, "percent_covered_display": "100", "missing_lines": 0, "excluded_lines": 0}, "missing_lines": [], "excluded_lines": []}, "SteeringLoop._calc_convergence_score": {"executed_lines": [373, 374, 376, 377], "summary": {"covered_lines": 4, "num_statements": 4, "percent_covered": 100.0, "percent_covered_display": "100", "missing_lines": 0, "excluded_lines": 0}, "missing_lines": [], "excluded_lines": []}, "SteeringLoop._persist_history": {"executed_lines": [381, 382, 383, 384, 385, 387, 401, 402, 403], "summary": {"covered_lines": 9, "num_statements": 9, "percent_covered": 100.0, "percent_covered_display": "100", "missing_lines": 0, "excluded_lines": 0}, "missing_lines": [], "excluded_lines": []}, "SteeringLoop.get_summary": {"executed_lines": [407], "summary": {"covered_lines": 1, "num_statements": 1, "percent_covered": 100.0, "percent_covered_display": "100", "missing_lines": 0, "excluded_lines": 0}, "missing_lines": [], "excluded_lines": []}, "SteeringLoop.run_until_converge": {"executed_lines": [431, 433, 434, 435, 437, 438, 439, 441], "summary": {"covered_lines": 8, "num_statements": 8, "percent_covered": 100.0, "percent_covered_display": "100", "missing_lines": 0, "excluded_lines": 0}, "missing_lines": [], "excluded_lines": []}, "": {"executed_lines": [2, 18, 19, 20, 21, 22, 25, 26, 27, 28, 29, 32, 33, 34, 35, 36, 37, 38, 41, 42, 43, 44, 45, 46, 47, 48, 49, 50, 51, 54, 55, 56, 57, 58, 59, 60, 61, 62, 74, 75, 82, 100, 115, 119, 144, 185, 196, 197, 212, 228, 298, 331, 358, 367, 379, 405, 416], "summary": {"covered_lines": 50, "num_statements": 50, "percent_covered": 100.0, "percent_covered_display": "100", "missing_lines": 0, "excluded_lines": 0}, "missing_lines": [], "excluded_lines": []}}, "classes": {"IterationStage": {"executed_lines": [], "summary": {"covered_lines": 0, "num_statements": 0, "percent_covered": 100.0, "percent_covered_display": "100", "missing_lines": 0, "excluded_lines": 0}, "missing_lines": [], "excluded_lines": []}, "ScoredOutput": {"executed_lines": [], "summary": {"covered_lines": 0, "num_statements": 0, "percent_covered": 100.0, "percent_covered_display": "100", "missing_lines": 0, "excluded_lines": 0}, "missing_lines": [], "excluded_lines": []}, "IterationResult": {"executed_lines": [], "summary": {"covered_lines": 0, "num_statements": 0, "percent_covered": 100.0, "percent_covered_display": "100", "missing_lines": 0, "excluded_lines": 0}, "missing_lines": [], "excluded_lines": []}, "SteeringConfig": {"executed_lines": [], "summary": {"covered_lines": 0, "num_statements": 0, "percent_covered": 100.0, "percent_covered_display": "100", "missing_lines": 0, "excluded_lines": 0}, "missing_lines": [], "excluded_lines": []}, "LLMJudgeScorer": {"executed_lines": [117, 126, 127, 129, 130, 131, 132, 133, 134, 135, 136, 138, 142, 153, 155, 156, 157, 158, 159, 160, 167, 172, 173, 174, 175, 176, 177, 178, 187, 188, 189], "summary": {"covered_lines": 31, "num_statements": 31, "percent_covered": 100.0, "percent_covered_display": "100", "missing_lines": 0, "excluded_lines": 0}, "missing_lines": [], "excluded_lines": []}, "SteeringLoop": {"executed_lines": [219, 220, 221, 223, 224, 225, 226, 243, 246, 249, 250, 251, 254, 255, 258, 259, 262, 263, 264, 266, 267, 275, 280, 282, 293, 294, 296, 310, 312, 313, 315, 316, 318, 320, 321, 325, 326, 327, 329, 339, 341, 342, 343, 344, 345, 348, 351, 354, 356, 360, 361, 362, 363, 365, 373, 374, 376, 377, 381, 382, 383, 384, 385, 387, 401, 402, 403, 407, 431, 433, 434, 435, 437, 438, 439, 441], "summary": {"covered_lines": 76, "num_statements": 76, "percent_covered": 100.0, "percent_covered_display": "100", "missing_lines": 0, "excluded_lines": 0}, "missing_lines": [], "excluded_lines": []}, "": {"executed_lines": [2, 18, 19, 20, 21, 22, 25, 26, 27, 28, 29, 32, 33, 34, 35, 36, 37, 38, 41, 42, 43, 44, 45, 46, 47, 48, 49, 50, 51, 54, 55, 56, 57, 58, 59, 60, 61, 62, 74, 75, 82, 100, 115, 119, 144, 185, 196, 197, 212, 228, 298, 331, 358, 367, 379, 405, 416], "summary": {"covered_lines": 50, "num_statements": 50, "percent_covered": 100.0, "percent_covered_display": "100", "missing_lines": 0, "excluded_lines": 0}, "missing_lines": [], "excluded_lines": []}}}}, "totals": {"covered_lines": 4847, "num_statements": 6692, "percent_covered": 72.42976688583383, "percent_covered_display": "72", "missing_lines": 1845, "excluded_lines": 74}}